ACTOR_DEBUG | 2020-04-26 19:44:27 | [main] actor.Actor (Actor.java:86) - Instantiating actor [Lexa] on port [4000]...
ACTOR_DEBUG | 2020-04-26 19:44:28 | [Thread-2] actor.Actor (Actor.java:146) - Initializing a client for [Lexa] to roll-call port 4002...
ACTOR_DEBUG | 2020-04-26 19:44:28 | [Thread-3] actor.Actor (Actor.java:146) - Initializing a client for [Lexa] to roll-call port 4003...
ACTOR_DEBUG | 2020-04-26 19:44:28 | [Thread-1] actor.Actor (Actor.java:146) - Initializing a client for [Lexa] to roll-call port 4001...
ACTOR_DEBUG | 2020-04-26 19:44:28 | [Thread-1] actor.Actor (Actor.java:163) - Bootstrap 319759086 configured.
ACTOR_DEBUG | 2020-04-26 19:44:28 | [Thread-2] actor.Actor (Actor.java:163) - Bootstrap 357386392 configured.
ACTOR_DEBUG | 2020-04-26 19:44:28 | [Thread-3] actor.Actor (Actor.java:163) - Bootstrap 1778532311 configured.
ACTOR_DEBUG | 2020-04-26 19:44:28 | [Thread-1] actor.Actor (Actor.java:165) - Roll-calling port 4001...
ACTOR_DEBUG | 2020-04-26 19:44:28 | [Thread-2] actor.Actor (Actor.java:165) - Roll-calling port 4002...
ACTOR_DEBUG | 2020-04-26 19:44:28 | [Thread-3] actor.Actor (Actor.java:165) - Roll-calling port 4003...
ACTOR_DEBUG | 2020-04-26 19:44:28 | [nioEventLoopGroup-2-1] actor.Actor$ClientHandler (Actor.java:410) - A new client handler has been instantiated by [Lexa].
ACTOR_DEBUG | 2020-04-26 19:44:28 | [nioEventLoopGroup-2-3] actor.Actor$ClientHandler (Actor.java:410) - A new client handler has been instantiated by [Lexa].
ACTOR_DEBUG | 2020-04-26 19:44:28 | [nioEventLoopGroup-2-2] actor.Actor$ClientHandler (Actor.java:410) - A new client handler has been instantiated by [Lexa].
ACTOR_DEBUG | 2020-04-26 19:44:28 | [nioEventLoopGroup-2-3] actor.Actor$1 (Actor.java:160) - Pipeline from [Lexa] to port 4002 initialized.
ACTOR_DEBUG | 2020-04-26 19:44:28 | [nioEventLoopGroup-2-2] actor.Actor$1 (Actor.java:160) - Pipeline from [Lexa] to port 4001 initialized.
ACTOR_DEBUG | 2020-04-26 19:44:28 | [nioEventLoopGroup-2-1] actor.Actor$1 (Actor.java:160) - Pipeline from [Lexa] to port 4003 initialized.
ACTOR_DEBUG | 2020-04-26 19:44:30 | [Thread-2] actor.Actor (Actor.java:168) - Client roll-calling port 4002 has closed.
ACTOR_DEBUG | 2020-04-26 19:44:30 | [Thread-1] actor.Actor (Actor.java:168) - Client roll-calling port 4001 has closed.
ACTOR_DEBUG | 2020-04-26 19:44:30 | [Thread-3] actor.Actor (Actor.java:168) - Client roll-calling port 4003 has closed.
ACTOR_DEBUG | 2020-04-26 19:44:30 | [Thread-5] actor.Actor (Actor.java:183) - Initializing server for [Lexa]...
ACTOR_DEBUG | 2020-04-26 19:45:22 | [Thread-5] actor.Actor (Actor.java:204) - Server for [Lexa] bound to port 4000.
ACTOR_DEBUG | 2020-04-26 19:45:22 | [main] actor.Actor (Actor.java:111) - Successfully instantiated [Lexa].
ACTOR_ERROR | 2020-04-26 19:46:01 | [main] actor.Actor (Actor.java:217) - Worker group for [Lexa] failed to shut down.
ACTOR_ERROR | 2020-04-26 19:46:01 | [main] actor.Actor (Actor.java:223) - Boss group for [Lexa] failed to shut down.
ACTOR_ERROR | 2020-04-26 19:46:01 | [main] actor.Actor (Actor.java:236) - Client group for [Lexa] failed to shut down.
ACTOR_DEBUG | 2020-04-26 19:46:01 | [main] actor.Actor (Actor.java:247) - Exit actor [Lexa].
ACTOR_DEBUG | 2020-04-26 19:46:23 | [main] actor.Actor (Actor.java:86) - Instantiating actor [Lexa] on port [4000]...
ACTOR_DEBUG | 2020-04-26 19:46:23 | [Thread-1] actor.Actor (Actor.java:146) - Initializing a client for [Lexa] to roll-call port 4001...
ACTOR_DEBUG | 2020-04-26 19:46:23 | [Thread-3] actor.Actor (Actor.java:146) - Initializing a client for [Lexa] to roll-call port 4003...
ACTOR_DEBUG | 2020-04-26 19:46:23 | [Thread-2] actor.Actor (Actor.java:146) - Initializing a client for [Lexa] to roll-call port 4002...
ACTOR_DEBUG | 2020-04-26 19:46:23 | [Thread-2] actor.Actor (Actor.java:163) - Bootstrap 159514381 configured.
ACTOR_DEBUG | 2020-04-26 19:46:23 | [Thread-3] actor.Actor (Actor.java:163) - Bootstrap 468114241 configured.
ACTOR_DEBUG | 2020-04-26 19:46:23 | [Thread-1] actor.Actor (Actor.java:163) - Bootstrap 2068276107 configured.
ACTOR_DEBUG | 2020-04-26 19:46:23 | [Thread-2] actor.Actor (Actor.java:165) - Roll-calling port 4002...
ACTOR_DEBUG | 2020-04-26 19:46:23 | [Thread-3] actor.Actor (Actor.java:165) - Roll-calling port 4003...
ACTOR_DEBUG | 2020-04-26 19:46:23 | [Thread-1] actor.Actor (Actor.java:165) - Roll-calling port 4001...
ACTOR_DEBUG | 2020-04-26 19:46:23 | [nioEventLoopGroup-2-3] actor.Actor$ClientHandler (Actor.java:410) - A new client handler has been instantiated by [Lexa].
ACTOR_DEBUG | 2020-04-26 19:46:23 | [nioEventLoopGroup-2-1] actor.Actor$ClientHandler (Actor.java:410) - A new client handler has been instantiated by [Lexa].
ACTOR_DEBUG | 2020-04-26 19:46:23 | [nioEventLoopGroup-2-2] actor.Actor$ClientHandler (Actor.java:410) - A new client handler has been instantiated by [Lexa].
ACTOR_DEBUG | 2020-04-26 19:46:23 | [nioEventLoopGroup-2-1] actor.Actor$1 (Actor.java:160) - Pipeline from [Lexa] to port 4003 initialized.
ACTOR_DEBUG | 2020-04-26 19:46:23 | [nioEventLoopGroup-2-3] actor.Actor$1 (Actor.java:160) - Pipeline from [Lexa] to port 4002 initialized.
ACTOR_DEBUG | 2020-04-26 19:46:23 | [nioEventLoopGroup-2-2] actor.Actor$1 (Actor.java:160) - Pipeline from [Lexa] to port 4001 initialized.
ACTOR_DEBUG | 2020-04-26 19:46:25 | [Thread-1] actor.Actor (Actor.java:168) - Client roll-calling port 4001 has closed.
ACTOR_DEBUG | 2020-04-26 19:46:25 | [Thread-3] actor.Actor (Actor.java:168) - Client roll-calling port 4003 has closed.
ACTOR_DEBUG | 2020-04-26 19:46:25 | [Thread-2] actor.Actor (Actor.java:168) - Client roll-calling port 4002 has closed.
ACTOR_DEBUG | 2020-04-26 19:46:25 | [Thread-5] actor.Actor (Actor.java:183) - Initializing server for [Lexa]...
ACTOR_DEBUG | 2020-04-26 19:46:25 | [Thread-5] actor.Actor (Actor.java:204) - Server for [Lexa] bound to port 4000.
ACTOR_DEBUG | 2020-04-26 19:46:25 | [main] actor.Actor (Actor.java:111) - Successfully instantiated [Lexa].
ACTOR_ERROR | 2020-04-26 19:46:25 | [main] actor.Actor (Actor.java:217) - Worker group for [Lexa] failed to shut down.
ACTOR_ERROR | 2020-04-26 19:46:25 | [main] actor.Actor (Actor.java:223) - Boss group for [Lexa] failed to shut down.
ACTOR_ERROR | 2020-04-26 19:46:25 | [main] actor.Actor (Actor.java:236) - Client group for [Lexa] failed to shut down.
ACTOR_DEBUG | 2020-04-26 19:46:25 | [main] actor.Actor (Actor.java:247) - Exit actor [Lexa].
ACTOR_DEBUG | 2020-04-26 19:47:23 | [main] actor.Actor (Actor.java:86) - Instantiating actor [Lexa] on port [4000]...
ACTOR_DEBUG | 2020-04-26 19:47:23 | [Thread-3] actor.Actor (Actor.java:146) - Initializing a client for [Lexa] to roll-call port 4003...
ACTOR_DEBUG | 2020-04-26 19:47:23 | [Thread-1] actor.Actor (Actor.java:146) - Initializing a client for [Lexa] to roll-call port 4001...
ACTOR_DEBUG | 2020-04-26 19:47:23 | [Thread-2] actor.Actor (Actor.java:146) - Initializing a client for [Lexa] to roll-call port 4002...
ACTOR_DEBUG | 2020-04-26 19:47:23 | [Thread-1] actor.Actor (Actor.java:163) - Bootstrap 215787396 configured.
ACTOR_DEBUG | 2020-04-26 19:47:23 | [Thread-2] actor.Actor (Actor.java:163) - Bootstrap 759328748 configured.
ACTOR_DEBUG | 2020-04-26 19:47:23 | [Thread-3] actor.Actor (Actor.java:163) - Bootstrap 1159274935 configured.
ACTOR_DEBUG | 2020-04-26 19:47:23 | [Thread-1] actor.Actor (Actor.java:165) - Roll-calling port 4001...
ACTOR_DEBUG | 2020-04-26 19:47:23 | [Thread-2] actor.Actor (Actor.java:165) - Roll-calling port 4002...
ACTOR_DEBUG | 2020-04-26 19:47:23 | [Thread-3] actor.Actor (Actor.java:165) - Roll-calling port 4003...
ACTOR_DEBUG | 2020-04-26 19:47:23 | [nioEventLoopGroup-2-1] actor.Actor$ClientHandler (Actor.java:410) - A new client handler has been instantiated by [Lexa].
ACTOR_DEBUG | 2020-04-26 19:47:23 | [nioEventLoopGroup-2-3] actor.Actor$ClientHandler (Actor.java:410) - A new client handler has been instantiated by [Lexa].
ACTOR_DEBUG | 2020-04-26 19:47:23 | [nioEventLoopGroup-2-2] actor.Actor$ClientHandler (Actor.java:410) - A new client handler has been instantiated by [Lexa].
ACTOR_DEBUG | 2020-04-26 19:47:23 | [nioEventLoopGroup-2-3] actor.Actor$1 (Actor.java:160) - Pipeline from [Lexa] to port 4003 initialized.
ACTOR_DEBUG | 2020-04-26 19:47:23 | [nioEventLoopGroup-2-2] actor.Actor$1 (Actor.java:160) - Pipeline from [Lexa] to port 4002 initialized.
ACTOR_DEBUG | 2020-04-26 19:47:23 | [nioEventLoopGroup-2-1] actor.Actor$1 (Actor.java:160) - Pipeline from [Lexa] to port 4001 initialized.
ACTOR_DEBUG | 2020-04-26 19:47:25 | [Thread-2] actor.Actor (Actor.java:168) - Client roll-calling port 4002 has closed.
ACTOR_DEBUG | 2020-04-26 19:47:25 | [Thread-1] actor.Actor (Actor.java:168) - Client roll-calling port 4001 has closed.
ACTOR_DEBUG | 2020-04-26 19:47:25 | [Thread-3] actor.Actor (Actor.java:168) - Client roll-calling port 4003 has closed.
ACTOR_DEBUG | 2020-04-26 19:47:26 | [Thread-5] actor.Actor (Actor.java:183) - Initializing server for [Lexa]...
ACTOR_DEBUG | 2020-04-26 19:47:28 | [Thread-5] actor.Actor (Actor.java:204) - Server for [Lexa] bound to port 4000.
ACTOR_DEBUG | 2020-04-26 19:47:28 | [main] actor.Actor (Actor.java:111) - Successfully instantiated [Lexa].
ACTOR_ERROR | 2020-04-26 19:47:28 | [main] actor.Actor (Actor.java:217) - Worker group for [Lexa] failed to shut down.
ACTOR_ERROR | 2020-04-26 19:47:28 | [main] actor.Actor (Actor.java:223) - Boss group for [Lexa] failed to shut down.
ACTOR_ERROR | 2020-04-26 19:47:28 | [main] actor.Actor (Actor.java:236) - Client group for [Lexa] failed to shut down.
ACTOR_DEBUG | 2020-04-26 19:47:28 | [main] actor.Actor (Actor.java:247) - Exit actor [Lexa].
ACTOR_DEBUG | 2020-04-26 19:47:41 | [main] actor.Actor (Actor.java:86) - Instantiating actor [Lexa] on port [4000]...
ACTOR_DEBUG | 2020-04-26 19:47:41 | [Thread-2] actor.Actor (Actor.java:146) - Initializing a client for [Lexa] to roll-call port 4002...
ACTOR_DEBUG | 2020-04-26 19:47:41 | [Thread-3] actor.Actor (Actor.java:146) - Initializing a client for [Lexa] to roll-call port 4003...
ACTOR_DEBUG | 2020-04-26 19:47:41 | [Thread-1] actor.Actor (Actor.java:146) - Initializing a client for [Lexa] to roll-call port 4001...
ACTOR_DEBUG | 2020-04-26 19:47:41 | [Thread-3] actor.Actor (Actor.java:163) - Bootstrap 2075154184 configured.
ACTOR_DEBUG | 2020-04-26 19:47:41 | [Thread-1] actor.Actor (Actor.java:163) - Bootstrap 1762572031 configured.
ACTOR_DEBUG | 2020-04-26 19:47:41 | [Thread-2] actor.Actor (Actor.java:163) - Bootstrap 109834373 configured.
ACTOR_DEBUG | 2020-04-26 19:47:41 | [Thread-3] actor.Actor (Actor.java:165) - Roll-calling port 4003...
ACTOR_DEBUG | 2020-04-26 19:47:41 | [Thread-1] actor.Actor (Actor.java:165) - Roll-calling port 4001...
ACTOR_DEBUG | 2020-04-26 19:47:41 | [Thread-2] actor.Actor (Actor.java:165) - Roll-calling port 4002...
ACTOR_DEBUG | 2020-04-26 19:47:41 | [nioEventLoopGroup-2-3] actor.Actor$ClientHandler (Actor.java:410) - A new client handler has been instantiated by [Lexa].
ACTOR_DEBUG | 2020-04-26 19:47:41 | [nioEventLoopGroup-2-1] actor.Actor$ClientHandler (Actor.java:410) - A new client handler has been instantiated by [Lexa].
ACTOR_DEBUG | 2020-04-26 19:47:41 | [nioEventLoopGroup-2-2] actor.Actor$ClientHandler (Actor.java:410) - A new client handler has been instantiated by [Lexa].
ACTOR_DEBUG | 2020-04-26 19:47:41 | [nioEventLoopGroup-2-3] actor.Actor$1 (Actor.java:160) - Pipeline from [Lexa] to port 4001 initialized.
ACTOR_DEBUG | 2020-04-26 19:47:41 | [nioEventLoopGroup-2-1] actor.Actor$1 (Actor.java:160) - Pipeline from [Lexa] to port 4002 initialized.
ACTOR_DEBUG | 2020-04-26 19:47:41 | [nioEventLoopGroup-2-2] actor.Actor$1 (Actor.java:160) - Pipeline from [Lexa] to port 4003 initialized.
ACTOR_DEBUG | 2020-04-26 19:47:43 | [Thread-3] actor.Actor (Actor.java:168) - Client roll-calling port 4003 has closed.
ACTOR_DEBUG | 2020-04-26 19:47:43 | [Thread-2] actor.Actor (Actor.java:168) - Client roll-calling port 4002 has closed.
ACTOR_DEBUG | 2020-04-26 19:47:43 | [Thread-1] actor.Actor (Actor.java:168) - Client roll-calling port 4001 has closed.
ACTOR_DEBUG | 2020-04-26 19:47:43 | [Thread-5] actor.Actor (Actor.java:183) - Initializing server for [Lexa]...
ACTOR_DEBUG | 2020-04-26 19:47:43 | [main] actor.Actor (Actor.java:111) - Successfully instantiated [Lexa].
ACTOR_DEBUG | 2020-04-26 19:47:43 | [Thread-5] actor.Actor (Actor.java:204) - Server for [Lexa] bound to port 4000.
ACTOR_INFO | 2020-04-26 19:47:43 | [Thread-4] actor.Actor (Actor.java:257) - [Lexa] spoke "Where's my brother?" to the user.
ACTOR_INFO | 2020-04-26 19:47:43 | [Thread-4] actor.Actor (Actor.java:257) - [Lexa] spoke "Foo" to the user.
ACTOR_INFO | 2020-04-26 19:47:43 | [Thread-4] actor.Actor (Actor.java:257) - [Lexa] spoke "Bar" to the user.
ACTOR_INFO | 2020-04-26 19:47:43 | [Thread-4] actor.Actor (Actor.java:257) - [Lexa] spoke "how interesting" to the user.
ACTOR_INFO | 2020-04-26 19:47:43 | [Thread-4] actor.Actor (Actor.java:257) - [Lexa] spoke "wild" to the user.
ACTOR_INFO | 2020-04-26 19:47:43 | [Thread-4] actor.Actor (Actor.java:257) - [Lexa] spoke "how wild" to the user.
ACTOR_INFO | 2020-04-26 19:47:43 | [Thread-4] actor.Actor (Actor.java:257) - [Lexa] spoke "i guess" to the user.
ACTOR_ERROR | 2020-04-26 19:47:43 | [main] actor.Actor (Actor.java:217) - Worker group for [Lexa] failed to shut down.
ACTOR_ERROR | 2020-04-26 19:47:43 | [main] actor.Actor (Actor.java:223) - Boss group for [Lexa] failed to shut down.
ACTOR_ERROR | 2020-04-26 19:47:43 | [main] actor.Actor (Actor.java:236) - Client group for [Lexa] failed to shut down.
ACTOR_DEBUG | 2020-04-26 19:47:43 | [main] actor.Actor (Actor.java:247) - Exit actor [Lexa].
ACTOR_DEBUG | 2020-04-26 20:12:25 | [main] actor.Actor (Actor.java:86) - Instantiating actor [Lexa] on port [4000]...
ACTOR_DEBUG | 2020-04-26 20:12:25 | [Thread-2] actor.Actor (Actor.java:146) - Initializing a client for [Lexa] to roll-call port 4002...
ACTOR_DEBUG | 2020-04-26 20:12:25 | [Thread-1] actor.Actor (Actor.java:146) - Initializing a client for [Lexa] to roll-call port 4001...
ACTOR_DEBUG | 2020-04-26 20:12:25 | [Thread-3] actor.Actor (Actor.java:146) - Initializing a client for [Lexa] to roll-call port 4003...
ACTOR_DEBUG | 2020-04-26 20:12:25 | [Thread-2] actor.Actor (Actor.java:163) - Bootstrap 159514381 configured.
ACTOR_DEBUG | 2020-04-26 20:12:25 | [Thread-3] actor.Actor (Actor.java:163) - Bootstrap 468114241 configured.
ACTOR_DEBUG | 2020-04-26 20:12:25 | [Thread-1] actor.Actor (Actor.java:163) - Bootstrap 2068276107 configured.
ACTOR_DEBUG | 2020-04-26 20:12:25 | [Thread-2] actor.Actor (Actor.java:165) - Roll-calling port 4002...
ACTOR_DEBUG | 2020-04-26 20:12:25 | [Thread-3] actor.Actor (Actor.java:165) - Roll-calling port 4003...
ACTOR_DEBUG | 2020-04-26 20:12:25 | [Thread-1] actor.Actor (Actor.java:165) - Roll-calling port 4001...
ACTOR_DEBUG | 2020-04-26 20:12:25 | [nioEventLoopGroup-2-2] actor.Actor$ClientHandler (Actor.java:423) - A new client handler has been instantiated by [Lexa].
ACTOR_DEBUG | 2020-04-26 20:12:25 | [nioEventLoopGroup-2-3] actor.Actor$ClientHandler (Actor.java:423) - A new client handler has been instantiated by [Lexa].
ACTOR_DEBUG | 2020-04-26 20:12:25 | [nioEventLoopGroup-2-1] actor.Actor$ClientHandler (Actor.java:423) - A new client handler has been instantiated by [Lexa].
ACTOR_DEBUG | 2020-04-26 20:12:25 | [nioEventLoopGroup-2-2] actor.Actor$1 (Actor.java:160) - Pipeline from [Lexa] to port 4001 initialized.
ACTOR_DEBUG | 2020-04-26 20:12:25 | [nioEventLoopGroup-2-3] actor.Actor$1 (Actor.java:160) - Pipeline from [Lexa] to port 4002 initialized.
ACTOR_DEBUG | 2020-04-26 20:12:25 | [nioEventLoopGroup-2-1] actor.Actor$1 (Actor.java:160) - Pipeline from [Lexa] to port 4003 initialized.
ACTOR_DEBUG | 2020-04-26 20:12:27 | [Thread-1] actor.Actor (Actor.java:168) - Client roll-calling port 4001 has closed.
ACTOR_DEBUG | 2020-04-26 20:12:27 | [Thread-2] actor.Actor (Actor.java:168) - Client roll-calling port 4002 has closed.
ACTOR_DEBUG | 2020-04-26 20:12:27 | [Thread-3] actor.Actor (Actor.java:168) - Client roll-calling port 4003 has closed.
ACTOR_DEBUG | 2020-04-26 20:12:27 | [Thread-5] actor.Actor (Actor.java:183) - Initializing server for [Lexa]...
ACTOR_DEBUG | 2020-04-26 20:12:27 | [main] actor.Actor (Actor.java:111) - Successfully instantiated [Lexa].
ACTOR_DEBUG | 2020-04-26 20:12:27 | [Thread-5] actor.Actor (Actor.java:204) - Server for [Lexa] bound to port 4000.
ACTOR_INFO | 2020-04-26 20:12:27 | [Thread-4] actor.Actor (Actor.java:257) - [Lexa] spoke "Where's my brother?" to the user.
ACTOR_INFO | 2020-04-26 20:12:28 | [Thread-4] actor.Actor (Actor.java:257) - [Lexa] spoke "Foo" to the user.
ACTOR_INFO | 2020-04-26 20:12:29 | [Thread-4] actor.Actor (Actor.java:257) - [Lexa] spoke "Bar" to the user.
ACTOR_INFO | 2020-04-26 20:12:30 | [Thread-4] actor.Actor (Actor.java:257) - [Lexa] spoke "how interesting" to the user.
ACTOR_INFO | 2020-04-26 20:12:30 | [Thread-4] actor.Actor (Actor.java:257) - [Lexa] spoke "wild" to the user.
ACTOR_INFO | 2020-04-26 20:12:31 | [Thread-4] actor.Actor (Actor.java:257) - [Lexa] spoke "how wild" to the user.
ACTOR_INFO | 2020-04-26 20:12:32 | [Thread-4] actor.Actor (Actor.java:257) - [Lexa] spoke "i guess" to the user.
ACTOR_ERROR | 2020-04-26 20:12:37 | [main] actor.Actor (Actor.java:217) - Worker group for [Lexa] failed to shut down.
ACTOR_ERROR | 2020-04-26 20:12:37 | [main] actor.Actor (Actor.java:223) - Boss group for [Lexa] failed to shut down.
ACTOR_ERROR | 2020-04-26 20:12:37 | [main] actor.Actor (Actor.java:236) - Client group for [Lexa] failed to shut down.
ACTOR_DEBUG | 2020-04-26 20:12:37 | [main] actor.Actor (Actor.java:247) - Exit actor [Lexa].
ACTOR_DEBUG | 2020-05-11 18:02:36 | [main] actor.Actor (Actor.java:88) - Instantiating actor [Lexa] on port [4000]...
ACTOR_DEBUG | 2020-05-11 18:02:36 | [Thread-3] actor.Actor (Actor.java:148) - Initializing a client for [Lexa] to roll-call port 4003...
ACTOR_DEBUG | 2020-05-11 18:02:36 | [Thread-1] actor.Actor (Actor.java:148) - Initializing a client for [Lexa] to roll-call port 4001...
ACTOR_DEBUG | 2020-05-11 18:02:36 | [Thread-2] actor.Actor (Actor.java:148) - Initializing a client for [Lexa] to roll-call port 4002...
ACTOR_DEBUG | 2020-05-11 18:02:36 | [Thread-1] actor.Actor (Actor.java:165) - Bootstrap 299859636 configured.
ACTOR_DEBUG | 2020-05-11 18:02:36 | [Thread-2] actor.Actor (Actor.java:165) - Bootstrap 428911667 configured.
ACTOR_DEBUG | 2020-05-11 18:02:36 | [Thread-3] actor.Actor (Actor.java:165) - Bootstrap 1484022997 configured.
ACTOR_DEBUG | 2020-05-11 18:02:36 | [Thread-2] actor.Actor (Actor.java:167) - Roll-calling port 4002...
ACTOR_DEBUG | 2020-05-11 18:02:36 | [Thread-1] actor.Actor (Actor.java:167) - Roll-calling port 4001...
ACTOR_DEBUG | 2020-05-11 18:02:36 | [Thread-3] actor.Actor (Actor.java:167) - Roll-calling port 4003...
ACTOR_DEBUG | 2020-05-11 18:02:36 | [nioEventLoopGroup-2-2] actor.Actor$ClientHandler (Actor.java:452) - A new client handler has been instantiated by [Lexa].
ACTOR_DEBUG | 2020-05-11 18:02:36 | [nioEventLoopGroup-2-3] actor.Actor$ClientHandler (Actor.java:452) - A new client handler has been instantiated by [Lexa].
ACTOR_DEBUG | 2020-05-11 18:02:36 | [nioEventLoopGroup-2-1] actor.Actor$ClientHandler (Actor.java:452) - A new client handler has been instantiated by [Lexa].
ACTOR_DEBUG | 2020-05-11 18:02:36 | [nioEventLoopGroup-2-2] actor.Actor$1 (Actor.java:162) - Pipeline from [Lexa] to port 4002 initialized.
ACTOR_DEBUG | 2020-05-11 18:02:36 | [nioEventLoopGroup-2-3] actor.Actor$1 (Actor.java:162) - Pipeline from [Lexa] to port 4001 initialized.
ACTOR_DEBUG | 2020-05-11 18:02:36 | [nioEventLoopGroup-2-1] actor.Actor$1 (Actor.java:162) - Pipeline from [Lexa] to port 4003 initialized.
ACTOR_DEBUG | 2020-05-11 18:02:38 | [Thread-2] actor.Actor (Actor.java:170) - Client roll-calling port 4002 has closed.
ACTOR_DEBUG | 2020-05-11 18:02:38 | [Thread-1] actor.Actor (Actor.java:170) - Client roll-calling port 4001 has closed.
ACTOR_DEBUG | 2020-05-11 18:02:38 | [Thread-3] actor.Actor (Actor.java:170) - Client roll-calling port 4003 has closed.
ACTOR_DEBUG | 2020-05-11 18:02:38 | [Thread-5] actor.Actor (Actor.java:185) - Initializing server for [Lexa]...
ACTOR_DEBUG | 2020-05-11 18:02:38 | [main] actor.Actor (Actor.java:113) - Successfully instantiated [Lexa].
ACTOR_DEBUG | 2020-05-11 18:02:38 | [Thread-5] actor.Actor (Actor.java:206) - Server for [Lexa] bound to port 4000.
ACTOR_DEBUG | 2020-05-11 18:20:43 | [main] actor.Actor (Actor.java:88) - Instantiating actor [Lexa] on port [4000]...
ACTOR_DEBUG | 2020-05-11 18:20:43 | [Thread-1] actor.Actor (Actor.java:148) - Initializing a client for [Lexa] to roll-call port 4001...
ACTOR_DEBUG | 2020-05-11 18:20:43 | [Thread-3] actor.Actor (Actor.java:148) - Initializing a client for [Lexa] to roll-call port 4003...
ACTOR_DEBUG | 2020-05-11 18:20:43 | [Thread-2] actor.Actor (Actor.java:148) - Initializing a client for [Lexa] to roll-call port 4002...
ACTOR_DEBUG | 2020-05-11 18:20:43 | [Thread-2] actor.Actor (Actor.java:165) - Bootstrap 172770674 configured.
ACTOR_DEBUG | 2020-05-11 18:20:43 | [Thread-3] actor.Actor (Actor.java:165) - Bootstrap 1777196356 configured.
ACTOR_DEBUG | 2020-05-11 18:20:43 | [Thread-1] actor.Actor (Actor.java:165) - Bootstrap 1540462575 configured.
ACTOR_DEBUG | 2020-05-11 18:20:43 | [Thread-2] actor.Actor (Actor.java:167) - Roll-calling port 4002...
ACTOR_DEBUG | 2020-05-11 18:20:43 | [Thread-3] actor.Actor (Actor.java:167) - Roll-calling port 4003...
ACTOR_DEBUG | 2020-05-11 18:20:43 | [Thread-1] actor.Actor (Actor.java:167) - Roll-calling port 4001...
ACTOR_DEBUG | 2020-05-11 18:20:44 | [nioEventLoopGroup-2-2] actor.Actor$ClientHandler (Actor.java:459) - A new client handler has been instantiated by [Lexa].
ACTOR_DEBUG | 2020-05-11 18:20:44 | [nioEventLoopGroup-2-3] actor.Actor$ClientHandler (Actor.java:459) - A new client handler has been instantiated by [Lexa].
ACTOR_DEBUG | 2020-05-11 18:20:44 | [nioEventLoopGroup-2-1] actor.Actor$ClientHandler (Actor.java:459) - A new client handler has been instantiated by [Lexa].
ACTOR_DEBUG | 2020-05-11 18:20:44 | [nioEventLoopGroup-2-3] actor.Actor$1 (Actor.java:162) - Pipeline from [Lexa] to port 4002 initialized.
ACTOR_DEBUG | 2020-05-11 18:20:44 | [nioEventLoopGroup-2-2] actor.Actor$1 (Actor.java:162) - Pipeline from [Lexa] to port 4001 initialized.
ACTOR_DEBUG | 2020-05-11 18:20:44 | [nioEventLoopGroup-2-1] actor.Actor$1 (Actor.java:162) - Pipeline from [Lexa] to port 4003 initialized.
ACTOR_DEBUG | 2020-05-11 18:20:46 | [Thread-1] actor.Actor (Actor.java:170) - Client roll-calling port 4001 has closed.
ACTOR_DEBUG | 2020-05-11 18:20:46 | [Thread-3] actor.Actor (Actor.java:170) - Client roll-calling port 4003 has closed.
ACTOR_DEBUG | 2020-05-11 18:20:46 | [Thread-2] actor.Actor (Actor.java:170) - Client roll-calling port 4002 has closed.
ACTOR_DEBUG | 2020-05-11 18:20:46 | [Thread-5] actor.Actor (Actor.java:185) - Initializing server for [Lexa]...
ACTOR_INFO | 2020-05-11 18:20:46 | [Thread-4] actor.Actor (Actor.java:259) - [Lexa] spoke "My name is Alexandra Syaani Laskea." to the user.
ACTOR_DEBUG | 2020-05-11 18:20:46 | [Thread-5] actor.Actor (Actor.java:206) - Server for [Lexa] bound to port 4000.
ACTOR_DEBUG | 2020-05-11 18:20:46 | [main] actor.Actor (Actor.java:113) - Successfully instantiated [Lexa].
ACTOR_INFO | 2020-05-11 18:20:47 | [Thread-4] actor.Actor (Actor.java:259) - [Lexa] spoke "You killed my father." to the user.
ACTOR_INFO | 2020-05-11 18:20:48 | [Thread-4] actor.Actor (Actor.java:259) - [Lexa] spoke "Prepare to die." to the user.
ACTOR_DEBUG | 2020-05-11 18:28:30 | [main] actor.Actor (Actor.java:89) - Instantiating actor [Lexa] on port [4000]...
ACTOR_DEBUG | 2020-05-11 18:28:30 | [Thread-2] actor.Actor (Actor.java:149) - Initializing a client for [Lexa] to roll-call port 4002...
ACTOR_DEBUG | 2020-05-11 18:28:30 | [Thread-3] actor.Actor (Actor.java:149) - Initializing a client for [Lexa] to roll-call port 4003...
ACTOR_DEBUG | 2020-05-11 18:28:30 | [Thread-1] actor.Actor (Actor.java:149) - Initializing a client for [Lexa] to roll-call port 4001...
ACTOR_DEBUG | 2020-05-11 18:28:30 | [Thread-1] actor.Actor (Actor.java:166) - Bootstrap 1564087856 configured.
ACTOR_DEBUG | 2020-05-11 18:28:30 | [Thread-3] actor.Actor (Actor.java:166) - Bootstrap 62306705 configured.
ACTOR_DEBUG | 2020-05-11 18:28:30 | [Thread-2] actor.Actor (Actor.java:166) - Bootstrap 436550416 configured.
ACTOR_DEBUG | 2020-05-11 18:28:30 | [Thread-1] actor.Actor (Actor.java:168) - Roll-calling port 4001...
ACTOR_DEBUG | 2020-05-11 18:28:30 | [Thread-3] actor.Actor (Actor.java:168) - Roll-calling port 4003...
ACTOR_DEBUG | 2020-05-11 18:28:30 | [Thread-2] actor.Actor (Actor.java:168) - Roll-calling port 4002...
ACTOR_DEBUG | 2020-05-11 18:28:30 | [nioEventLoopGroup-2-1] actor.Actor$ClientHandler (Actor.java:464) - A new client handler has been instantiated by [Lexa].
ACTOR_DEBUG | 2020-05-11 18:28:30 | [nioEventLoopGroup-2-3] actor.Actor$ClientHandler (Actor.java:464) - A new client handler has been instantiated by [Lexa].
ACTOR_DEBUG | 2020-05-11 18:28:30 | [nioEventLoopGroup-2-2] actor.Actor$ClientHandler (Actor.java:464) - A new client handler has been instantiated by [Lexa].
ACTOR_DEBUG | 2020-05-11 18:28:30 | [nioEventLoopGroup-2-3] actor.Actor$1 (Actor.java:163) - Pipeline from [Lexa] to port 4002 initialized.
ACTOR_DEBUG | 2020-05-11 18:28:30 | [nioEventLoopGroup-2-1] actor.Actor$1 (Actor.java:163) - Pipeline from [Lexa] to port 4001 initialized.
ACTOR_DEBUG | 2020-05-11 18:28:30 | [nioEventLoopGroup-2-2] actor.Actor$1 (Actor.java:163) - Pipeline from [Lexa] to port 4003 initialized.
ACTOR_DEBUG | 2020-05-11 18:28:32 | [Thread-2] actor.Actor (Actor.java:171) - Client roll-calling port 4002 has closed.
ACTOR_DEBUG | 2020-05-11 18:28:32 | [Thread-3] actor.Actor (Actor.java:171) - Client roll-calling port 4003 has closed.
ACTOR_DEBUG | 2020-05-11 18:28:32 | [Thread-1] actor.Actor (Actor.java:171) - Client roll-calling port 4001 has closed.
ACTOR_DEBUG | 2020-05-11 18:28:32 | [Thread-5] actor.Actor (Actor.java:186) - Initializing server for [Lexa]...
ACTOR_INFO | 2020-05-11 18:28:32 | [Thread-4] actor.Actor (Actor.java:260) - [Lexa] spoke "My name is Alexandra Syaani Laskea." to the user.
ACTOR_DEBUG | 2020-05-11 18:28:32 | [main] actor.Actor (Actor.java:114) - Successfully instantiated [Lexa].
ACTOR_DEBUG | 2020-05-11 18:28:32 | [Thread-5] actor.Actor (Actor.java:207) - Server for [Lexa] bound to port 4000.
ACTOR_INFO | 2020-05-11 18:28:33 | [Thread-4] actor.Actor (Actor.java:260) - [Lexa] spoke "You killed my father." to the user.
ACTOR_INFO | 2020-05-11 18:28:34 | [Thread-4] actor.Actor (Actor.java:260) - [Lexa] spoke "Prepare to die." to the user.
ACTOR_DEBUG | 2020-05-11 18:35:23 | [main] actor.Actor (Actor.java:89) - Instantiating actor [Lexa] on port [4000]...
ACTOR_DEBUG | 2020-05-11 18:35:23 | [Thread-3] actor.Actor (Actor.java:147) - Initializing a client for [Lexa] to roll-call port 4003...
ACTOR_DEBUG | 2020-05-11 18:35:23 | [Thread-1] actor.Actor (Actor.java:147) - Initializing a client for [Lexa] to roll-call port 4001...
ACTOR_DEBUG | 2020-05-11 18:35:23 | [Thread-2] actor.Actor (Actor.java:147) - Initializing a client for [Lexa] to roll-call port 4002...
ACTOR_DEBUG | 2020-05-11 18:35:23 | [Thread-1] actor.Actor (Actor.java:164) - Bootstrap 1269906 configured.
ACTOR_DEBUG | 2020-05-11 18:35:23 | [Thread-2] actor.Actor (Actor.java:164) - Bootstrap 436550416 configured.
ACTOR_DEBUG | 2020-05-11 18:35:23 | [Thread-3] actor.Actor (Actor.java:164) - Bootstrap 1781503380 configured.
ACTOR_DEBUG | 2020-05-11 18:35:23 | [Thread-1] actor.Actor (Actor.java:166) - Roll-calling port 4001...
ACTOR_DEBUG | 2020-05-11 18:35:23 | [Thread-2] actor.Actor (Actor.java:166) - Roll-calling port 4002...
ACTOR_DEBUG | 2020-05-11 18:35:23 | [Thread-3] actor.Actor (Actor.java:166) - Roll-calling port 4003...
ACTOR_DEBUG | 2020-05-11 18:35:23 | [nioEventLoopGroup-2-2] actor.Actor$ClientHandler (Actor.java:464) - A new client handler has been instantiated by [Lexa].
ACTOR_DEBUG | 2020-05-11 18:35:23 | [nioEventLoopGroup-2-3] actor.Actor$ClientHandler (Actor.java:464) - A new client handler has been instantiated by [Lexa].
ACTOR_DEBUG | 2020-05-11 18:35:23 | [nioEventLoopGroup-2-1] actor.Actor$ClientHandler (Actor.java:464) - A new client handler has been instantiated by [Lexa].
ACTOR_DEBUG | 2020-05-11 18:35:23 | [nioEventLoopGroup-2-2] actor.Actor$1 (Actor.java:161) - Pipeline from [Lexa] to port 4001 initialized.
ACTOR_DEBUG | 2020-05-11 18:35:23 | [nioEventLoopGroup-2-3] actor.Actor$1 (Actor.java:161) - Pipeline from [Lexa] to port 4002 initialized.
ACTOR_DEBUG | 2020-05-11 18:35:23 | [nioEventLoopGroup-2-1] actor.Actor$1 (Actor.java:161) - Pipeline from [Lexa] to port 4003 initialized.
ACTOR_DEBUG | 2020-05-11 18:35:25 | [Thread-3] actor.Actor (Actor.java:169) - Client roll-calling port 4003 has closed.
ACTOR_DEBUG | 2020-05-11 18:35:25 | [Thread-1] actor.Actor (Actor.java:169) - Client roll-calling port 4001 has closed.
ACTOR_DEBUG | 2020-05-11 18:35:25 | [Thread-2] actor.Actor (Actor.java:169) - Client roll-calling port 4002 has closed.
ACTOR_DEBUG | 2020-05-11 18:35:25 | [Thread-5] actor.Actor (Actor.java:184) - Initializing server for [Lexa]...
ACTOR_DEBUG | 2020-05-11 18:35:25 | [main] actor.Actor (Actor.java:111) - Successfully instantiated [Lexa].
ACTOR_DEBUG | 2020-05-11 18:35:25 | [Thread-5] actor.Actor (Actor.java:205) - Server for [Lexa] bound to port 4000.
ACTOR_INFO | 2020-05-11 18:35:25 | [Thread-4] actor.Actor$ScriptReader (Actor.java:380) - Actor Lexa going to cue scene1/cue1.
ACTOR_INFO | 2020-05-11 18:35:25 | [Thread-4] actor.Actor (Actor.java:258) - [Lexa] spoke "My name is Alexandra Syaani Laskea." to the user.
ACTOR_INFO | 2020-05-11 18:35:26 | [Thread-4] actor.Actor (Actor.java:258) - [Lexa] spoke "You killed my father." to the user.
ACTOR_INFO | 2020-05-11 18:35:27 | [Thread-4] actor.Actor (Actor.java:258) - [Lexa] spoke "Prepare to die." to the user.
ACTOR_INFO | 2020-05-11 18:35:28 | [Thread-4] actor.Actor$ScriptReader (Actor.java:380) - Actor Lexa going to cue scene1/cue2.
ACTOR_DEBUG | 2020-05-11 18:38:14 | [main] actor.Actor (Actor.java:89) - 
ACTOR_DEBUG | 2020-05-11 18:38:14 | [main] actor.Actor (Actor.java:90) - Instantiating actor [Lexa] on port [4000]...
ACTOR_DEBUG | 2020-05-11 18:38:14 | [Thread-2] actor.Actor (Actor.java:148) - Initializing a client for [Lexa] to roll-call port 4002...
ACTOR_DEBUG | 2020-05-11 18:38:14 | [Thread-1] actor.Actor (Actor.java:148) - Initializing a client for [Lexa] to roll-call port 4001...
ACTOR_DEBUG | 2020-05-11 18:38:14 | [Thread-3] actor.Actor (Actor.java:148) - Initializing a client for [Lexa] to roll-call port 4003...
ACTOR_DEBUG | 2020-05-11 18:38:14 | [Thread-2] actor.Actor (Actor.java:165) - Bootstrap 1712435215 configured.
ACTOR_DEBUG | 2020-05-11 18:38:14 | [Thread-1] actor.Actor (Actor.java:165) - Bootstrap 1966703784 configured.
ACTOR_DEBUG | 2020-05-11 18:38:14 | [Thread-3] actor.Actor (Actor.java:165) - Bootstrap 1802166126 configured.
ACTOR_DEBUG | 2020-05-11 18:38:14 | [Thread-2] actor.Actor (Actor.java:167) - Roll-calling port 4002...
ACTOR_DEBUG | 2020-05-11 18:38:14 | [Thread-1] actor.Actor (Actor.java:167) - Roll-calling port 4001...
ACTOR_DEBUG | 2020-05-11 18:38:14 | [Thread-3] actor.Actor (Actor.java:167) - Roll-calling port 4003...
ACTOR_DEBUG | 2020-05-11 18:38:14 | [nioEventLoopGroup-2-1] actor.Actor$ClientHandler (Actor.java:465) - A new client handler has been instantiated by [Lexa].
ACTOR_DEBUG | 2020-05-11 18:38:14 | [nioEventLoopGroup-2-2] actor.Actor$ClientHandler (Actor.java:465) - A new client handler has been instantiated by [Lexa].
ACTOR_DEBUG | 2020-05-11 18:38:14 | [nioEventLoopGroup-2-3] actor.Actor$ClientHandler (Actor.java:465) - A new client handler has been instantiated by [Lexa].
ACTOR_DEBUG | 2020-05-11 18:38:14 | [nioEventLoopGroup-2-1] actor.Actor$1 (Actor.java:162) - Pipeline from [Lexa] to port 4001 initialized.
ACTOR_DEBUG | 2020-05-11 18:38:14 | [nioEventLoopGroup-2-2] actor.Actor$1 (Actor.java:162) - Pipeline from [Lexa] to port 4002 initialized.
ACTOR_DEBUG | 2020-05-11 18:38:14 | [nioEventLoopGroup-2-3] actor.Actor$1 (Actor.java:162) - Pipeline from [Lexa] to port 4003 initialized.
ACTOR_DEBUG | 2020-05-11 18:38:16 | [Thread-1] actor.Actor (Actor.java:170) - Client roll-calling port 4001 has closed.
ACTOR_DEBUG | 2020-05-11 18:38:16 | [Thread-2] actor.Actor (Actor.java:170) - Client roll-calling port 4002 has closed.
ACTOR_DEBUG | 2020-05-11 18:38:16 | [Thread-3] actor.Actor (Actor.java:170) - Client roll-calling port 4003 has closed.
ACTOR_DEBUG | 2020-05-11 18:38:16 | [Thread-5] actor.Actor (Actor.java:185) - Initializing server for [Lexa]...
ACTOR_DEBUG | 2020-05-11 18:38:16 | [Thread-5] actor.Actor (Actor.java:206) - Server for [Lexa] bound to port 4000.
ACTOR_DEBUG | 2020-05-11 18:38:16 | [main] actor.Actor (Actor.java:112) - Successfully instantiated [Lexa].
ACTOR_INFO | 2020-05-11 18:38:16 | [Thread-4] actor.Actor$ScriptReader (Actor.java:381) - [Lexa] going to cue scene1/cue1.
ACTOR_INFO | 2020-05-11 18:38:16 | [Thread-4] actor.Actor (Actor.java:259) - [Lexa] spoke "My name is Alexandra Syaani Laskea." to the user.
ACTOR_INFO | 2020-05-11 18:38:17 | [Thread-4] actor.Actor (Actor.java:259) - [Lexa] spoke "You killed my father." to the user.
ACTOR_INFO | 2020-05-11 18:38:18 | [Thread-4] actor.Actor (Actor.java:259) - [Lexa] spoke "Prepare to die." to the user.
ACTOR_INFO | 2020-05-11 18:38:19 | [Thread-4] actor.Actor$ScriptReader (Actor.java:381) - [Lexa] going to cue scene1/cue2.
