ACTOR_DEBUG | 2020-05-15 11:28:49 | [main] actor.Actor (Actor.java:88) - 
ACTOR_DEBUG | 2020-05-15 11:28:49 | [main] actor.Actor (Actor.java:89) - Instantiating actor [Fate] on port [4003]...
ACTOR_DEBUG | 2020-05-15 11:28:50 | [Thread-0] actor.Actor (Actor.java:147) - Initializing a client for [Fate] to roll-call port 4000...
ACTOR_DEBUG | 2020-05-15 11:28:50 | [Thread-2] actor.Actor (Actor.java:147) - Initializing a client for [Fate] to roll-call port 4002...
ACTOR_DEBUG | 2020-05-15 11:28:50 | [Thread-1] actor.Actor (Actor.java:147) - Initializing a client for [Fate] to roll-call port 4001...
ACTOR_DEBUG | 2020-05-15 11:28:50 | [Thread-1] actor.Actor (Actor.java:164) - Bootstrap 654802722 configured.
ACTOR_DEBUG | 2020-05-15 11:28:50 | [Thread-2] actor.Actor (Actor.java:164) - Bootstrap 559354460 configured.
ACTOR_DEBUG | 2020-05-15 11:28:50 | [Thread-0] actor.Actor (Actor.java:164) - Bootstrap 351639859 configured.
ACTOR_DEBUG | 2020-05-15 11:28:50 | [Thread-1] actor.Actor (Actor.java:166) - Roll-calling port 4001...
ACTOR_DEBUG | 2020-05-15 11:28:50 | [Thread-0] actor.Actor (Actor.java:166) - Roll-calling port 4000...
ACTOR_DEBUG | 2020-05-15 11:28:50 | [Thread-2] actor.Actor (Actor.java:166) - Roll-calling port 4002...
ACTOR_DEBUG | 2020-05-15 11:28:50 | [nioEventLoopGroup-2-2] actor.Actor$ClientHandler (Actor.java:588) - A new client handler has been instantiated by [Fate].
ACTOR_DEBUG | 2020-05-15 11:28:50 | [nioEventLoopGroup-2-3] actor.Actor$ClientHandler (Actor.java:588) - A new client handler has been instantiated by [Fate].
ACTOR_DEBUG | 2020-05-15 11:28:50 | [nioEventLoopGroup-2-1] actor.Actor$ClientHandler (Actor.java:588) - A new client handler has been instantiated by [Fate].
ACTOR_DEBUG | 2020-05-15 11:28:50 | [nioEventLoopGroup-2-3] actor.Actor$1 (Actor.java:161) - Pipeline from [Fate] to port 4000 initialized.
ACTOR_DEBUG | 2020-05-15 11:28:50 | [nioEventLoopGroup-2-2] actor.Actor$1 (Actor.java:161) - Pipeline from [Fate] to port 4001 initialized.
ACTOR_DEBUG | 2020-05-15 11:28:50 | [nioEventLoopGroup-2-1] actor.Actor$1 (Actor.java:161) - Pipeline from [Fate] to port 4002 initialized.
ACTOR_DEBUG | 2020-05-15 11:28:50 | [nioEventLoopGroup-2-2] actor.Actor$ClientHandler (Actor.java:594) - ChannelHandler 415838023 has connected to its target.
ACTOR_INFO | 2020-05-15 11:28:50 | [nioEventLoopGroup-2-2] actor.Actor$ClientHandler (Actor.java:603) - Roll-call sent from [Fate] to port 4001.
ACTOR_INFO | 2020-05-15 11:28:50 | [nioEventLoopGroup-2-2] actor.Actor$ClientHandler (Actor.java:615) - [Fate] received a roll-call response from [Xander], who is on port 4001.
ACTOR_DEBUG | 2020-05-15 11:28:50 | [nioEventLoopGroup-2-2] actor.Actor$ClientHandler (Actor.java:620) - [Fate] added [Xander] to their contact list.
ACTOR_DEBUG | 2020-05-15 11:28:52 | [Thread-2] actor.Actor (Actor.java:169) - Client roll-calling port 4002 has closed.
ACTOR_DEBUG | 2020-05-15 11:28:52 | [Thread-0] actor.Actor (Actor.java:169) - Client roll-calling port 4000 has closed.
ACTOR_DEBUG | 2020-05-15 11:28:52 | [Thread-5] actor.Actor (Actor.java:184) - Initializing server for [Fate]...
ACTOR_DEBUG | 2020-05-15 11:28:52 | [Thread-5] actor.Actor (Actor.java:205) - Server for [Fate] bound to port 4003.
ACTOR_DEBUG | 2020-05-15 11:28:52 | [main] actor.Actor (Actor.java:111) - Successfully instantiated [Fate].
ACTOR_INFO | 2020-05-15 11:28:52 | [Thread-4] actor.Actor$ScriptReader (Actor.java:393) - [Fate] going to cue scene1/cue1.
ACTOR_ERROR | 2020-05-15 11:28:52 | [Thread-4] actor.Actor$ScriptReader (Actor.java:561) - [Fate] is expecting [Lexa] to be onstage, but they're not.
ACTOR_INFO | 2020-05-15 11:28:52 | [Thread-4] actor.Actor$ScriptReader (Actor.java:565) - [Fate] has found [Xander] onstage.
ACTOR_ERROR | 2020-05-15 11:28:52 | [Thread-4] actor.Actor$ScriptReader (Actor.java:561) - [Fate] is expecting [CallMeKey] to be onstage, but they're not.
ACTOR_DEBUG | 2020-05-15 11:28:52 | [nioEventLoopGroup-4-1] actor.Actor$ServerHandler (Actor.java:655) - [Fate]'s server handler has been instantiated.
ACTOR_DEBUG | 2020-05-15 11:28:52 | [nioEventLoopGroup-4-1] actor.Actor$2 (Actor.java:200) - Channel pipeline [652b9bfe] to Server [Fate] has been initialized.
ACTOR_INFO | 2020-05-15 11:28:52 | [nioEventLoopGroup-4-1] actor.Actor$ServerHandler (Actor.java:678) - [Fate] received a roll-call request from [Xander], who is on port 4001.
ACTOR_ERROR | 2020-05-15 11:28:52 | [nioEventLoopGroup-4-1] actor.Actor$ServerHandler (Actor.java:686) - [Fate] already has [Xander] in their contact list.
ACTOR_DEBUG | 2020-05-15 11:28:56 | [nioEventLoopGroup-4-2] actor.Actor$ServerHandler (Actor.java:655) - [Fate]'s server handler has been instantiated.
ACTOR_DEBUG | 2020-05-15 11:28:56 | [nioEventLoopGroup-4-2] actor.Actor$2 (Actor.java:200) - Channel pipeline [8584c5de] to Server [Fate] has been initialized.
ACTOR_INFO | 2020-05-15 11:28:56 | [nioEventLoopGroup-4-2] actor.Actor$ServerHandler (Actor.java:678) - [Fate] received a roll-call request from [CallMeKey], who is on port 4002.
ACTOR_DEBUG | 2020-05-15 11:28:56 | [Thread-6] actor.Actor (Actor.java:147) - Initializing a client for [Fate] to roll-call port 4002...
ACTOR_DEBUG | 2020-05-15 11:28:56 | [Thread-6] actor.Actor (Actor.java:164) - Bootstrap 556591399 configured.
ACTOR_DEBUG | 2020-05-15 11:28:56 | [Thread-6] actor.Actor (Actor.java:166) - Roll-calling port 4002...
ACTOR_DEBUG | 2020-05-15 11:28:56 | [nioEventLoopGroup-2-4] actor.Actor$ClientHandler (Actor.java:588) - A new client handler has been instantiated by [Fate].
ACTOR_DEBUG | 2020-05-15 11:28:56 | [nioEventLoopGroup-2-4] actor.Actor$1 (Actor.java:161) - Pipeline from [Fate] to port 4002 initialized.
ACTOR_DEBUG | 2020-05-15 11:28:58 | [Thread-6] actor.Actor (Actor.java:169) - Client roll-calling port 4002 has closed.
ACTOR_DEBUG | 2020-05-15 11:29:03 | [nioEventLoopGroup-4-3] actor.Actor$ServerHandler (Actor.java:655) - [Fate]'s server handler has been instantiated.
ACTOR_DEBUG | 2020-05-15 11:29:03 | [nioEventLoopGroup-4-3] actor.Actor$2 (Actor.java:200) - Channel pipeline [dc10c4f0] to Server [Fate] has been initialized.
ACTOR_INFO | 2020-05-15 11:29:03 | [nioEventLoopGroup-4-3] actor.Actor$ServerHandler (Actor.java:678) - [Fate] received a roll-call request from [Lexa], who is on port 4000.
ACTOR_DEBUG | 2020-05-15 11:29:03 | [Thread-7] actor.Actor (Actor.java:147) - Initializing a client for [Fate] to roll-call port 4000...
ACTOR_DEBUG | 2020-05-15 11:29:03 | [Thread-7] actor.Actor (Actor.java:164) - Bootstrap 1634508332 configured.
ACTOR_DEBUG | 2020-05-15 11:29:03 | [Thread-7] actor.Actor (Actor.java:166) - Roll-calling port 4000...
ACTOR_DEBUG | 2020-05-15 11:29:03 | [nioEventLoopGroup-2-5] actor.Actor$ClientHandler (Actor.java:588) - A new client handler has been instantiated by [Fate].
ACTOR_DEBUG | 2020-05-15 11:29:03 | [nioEventLoopGroup-2-5] actor.Actor$1 (Actor.java:161) - Pipeline from [Fate] to port 4000 initialized.
ACTOR_DEBUG | 2020-05-15 11:29:04 | [nioEventLoopGroup-2-5] actor.Actor$ClientHandler (Actor.java:594) - ChannelHandler 1439661178 has connected to its target.
ACTOR_INFO | 2020-05-15 11:29:04 | [nioEventLoopGroup-2-5] actor.Actor$ClientHandler (Actor.java:603) - Roll-call sent from [Fate] to port 4000.
ACTOR_INFO | 2020-05-15 11:29:04 | [nioEventLoopGroup-2-5] actor.Actor$ClientHandler (Actor.java:615) - [Fate] received a roll-call response from [Lexa], who is on port 4000.
ACTOR_DEBUG | 2020-05-15 11:29:04 | [nioEventLoopGroup-2-5] actor.Actor$ClientHandler (Actor.java:620) - [Fate] added [Lexa] to their contact list.
ACTOR_INFO | 2020-05-15 11:29:04 | [Thread-4] actor.Actor$ScriptReader (Actor.java:565) - [Fate] has found [Lexa] onstage.
ACTOR_INFO | 2020-05-15 11:29:04 | [Thread-4] actor.Actor$ScriptReader (Actor.java:565) - [Fate] has found [Xander] onstage.
ACTOR_ERROR | 2020-05-15 11:29:04 | [Thread-4] actor.Actor$ScriptReader (Actor.java:561) - [Fate] is expecting [CallMeKey] to be onstage, but they're not.
WARN  | 2020-05-15 11:29:20 | [nioEventLoopGroup-4-3] channel.DefaultChannelPipeline (DefaultChannelPipeline.java:1152) - An exceptionCaught() event was fired, and it reached at the tail of the pipeline. It usually means the last handler in the pipeline did not handle the exception.
java.net.SocketException: Connection reset
	at sun.nio.ch.SocketChannelImpl.throwConnectionReset(SocketChannelImpl.java:345) ~[?:?]
	at sun.nio.ch.SocketChannelImpl.read(SocketChannelImpl.java:376) ~[?:?]
	at io.netty.buffer.PooledByteBuf.setBytes(PooledByteBuf.java:253) ~[netty-all-4.1.45.Final.jar:4.1.45.Final]
	at io.netty.buffer.AbstractByteBuf.writeBytes(AbstractByteBuf.java:1133) ~[netty-all-4.1.45.Final.jar:4.1.45.Final]
	at io.netty.channel.socket.nio.NioSocketChannel.doReadBytes(NioSocketChannel.java:350) ~[netty-all-4.1.45.Final.jar:4.1.45.Final]
	at io.netty.channel.nio.AbstractNioByteChannel$NioByteUnsafe.read(AbstractNioByteChannel.java:148) [netty-all-4.1.45.Final.jar:4.1.45.Final]
	at io.netty.channel.nio.NioEventLoop.processSelectedKey(NioEventLoop.java:714) [netty-all-4.1.45.Final.jar:4.1.45.Final]
	at io.netty.channel.nio.NioEventLoop.processSelectedKeysOptimized(NioEventLoop.java:650) [netty-all-4.1.45.Final.jar:4.1.45.Final]
	at io.netty.channel.nio.NioEventLoop.processSelectedKeys(NioEventLoop.java:576) [netty-all-4.1.45.Final.jar:4.1.45.Final]
	at io.netty.channel.nio.NioEventLoop.run(NioEventLoop.java:493) [netty-all-4.1.45.Final.jar:4.1.45.Final]
	at io.netty.util.concurrent.SingleThreadEventExecutor$4.run(SingleThreadEventExecutor.java:989) [netty-all-4.1.45.Final.jar:4.1.45.Final]
	at io.netty.util.internal.ThreadExecutorMap$2.run(ThreadExecutorMap.java:74) [netty-all-4.1.45.Final.jar:4.1.45.Final]
	at io.netty.util.concurrent.FastThreadLocalRunnable.run(FastThreadLocalRunnable.java:30) [netty-all-4.1.45.Final.jar:4.1.45.Final]
	at java.lang.Thread.run(Thread.java:832) [?:?]
WARN  | 2020-05-15 11:29:20 | [nioEventLoopGroup-2-5] channel.DefaultChannelPipeline (DefaultChannelPipeline.java:1152) - An exceptionCaught() event was fired, and it reached at the tail of the pipeline. It usually means the last handler in the pipeline did not handle the exception.
java.net.SocketException: Connection reset
	at sun.nio.ch.SocketChannelImpl.throwConnectionReset(SocketChannelImpl.java:345) ~[?:?]
	at sun.nio.ch.SocketChannelImpl.read(SocketChannelImpl.java:376) ~[?:?]
	at io.netty.buffer.PooledByteBuf.setBytes(PooledByteBuf.java:253) ~[netty-all-4.1.45.Final.jar:4.1.45.Final]
	at io.netty.buffer.AbstractByteBuf.writeBytes(AbstractByteBuf.java:1133) ~[netty-all-4.1.45.Final.jar:4.1.45.Final]
	at io.netty.channel.socket.nio.NioSocketChannel.doReadBytes(NioSocketChannel.java:350) ~[netty-all-4.1.45.Final.jar:4.1.45.Final]
	at io.netty.channel.nio.AbstractNioByteChannel$NioByteUnsafe.read(AbstractNioByteChannel.java:148) [netty-all-4.1.45.Final.jar:4.1.45.Final]
	at io.netty.channel.nio.NioEventLoop.processSelectedKey(NioEventLoop.java:714) [netty-all-4.1.45.Final.jar:4.1.45.Final]
	at io.netty.channel.nio.NioEventLoop.processSelectedKeysOptimized(NioEventLoop.java:650) [netty-all-4.1.45.Final.jar:4.1.45.Final]
	at io.netty.channel.nio.NioEventLoop.processSelectedKeys(NioEventLoop.java:576) [netty-all-4.1.45.Final.jar:4.1.45.Final]
	at io.netty.channel.nio.NioEventLoop.run(NioEventLoop.java:493) [netty-all-4.1.45.Final.jar:4.1.45.Final]
	at io.netty.util.concurrent.SingleThreadEventExecutor$4.run(SingleThreadEventExecutor.java:989) [netty-all-4.1.45.Final.jar:4.1.45.Final]
	at io.netty.util.internal.ThreadExecutorMap$2.run(ThreadExecutorMap.java:74) [netty-all-4.1.45.Final.jar:4.1.45.Final]
	at io.netty.util.concurrent.FastThreadLocalRunnable.run(FastThreadLocalRunnable.java:30) [netty-all-4.1.45.Final.jar:4.1.45.Final]
	at java.lang.Thread.run(Thread.java:832) [?:?]
ACTOR_DEBUG | 2020-05-15 11:29:20 | [Thread-7] actor.Actor (Actor.java:169) - Client roll-calling port 4000 has closed.
ACTOR_DEBUG | 2020-05-15 11:30:09 | [main] actor.Actor (Actor.java:88) - 
ACTOR_DEBUG | 2020-05-15 11:30:09 | [main] actor.Actor (Actor.java:89) - Instantiating actor [Fate] on port [4003]...
ACTOR_DEBUG | 2020-05-15 11:30:09 | [Thread-0] actor.Actor (Actor.java:147) - Initializing a client for [Fate] to roll-call port 4000...
ACTOR_DEBUG | 2020-05-15 11:30:09 | [Thread-1] actor.Actor (Actor.java:147) - Initializing a client for [Fate] to roll-call port 4001...
ACTOR_DEBUG | 2020-05-15 11:30:09 | [Thread-2] actor.Actor (Actor.java:147) - Initializing a client for [Fate] to roll-call port 4002...
ACTOR_DEBUG | 2020-05-15 11:30:09 | [Thread-2] actor.Actor (Actor.java:164) - Bootstrap 585052363 configured.
ACTOR_DEBUG | 2020-05-15 11:30:09 | [Thread-0] actor.Actor (Actor.java:164) - Bootstrap 1074116232 configured.
ACTOR_DEBUG | 2020-05-15 11:30:09 | [Thread-1] actor.Actor (Actor.java:164) - Bootstrap 986540101 configured.
ACTOR_DEBUG | 2020-05-15 11:30:09 | [Thread-2] actor.Actor (Actor.java:166) - Roll-calling port 4002...
ACTOR_DEBUG | 2020-05-15 11:30:09 | [Thread-0] actor.Actor (Actor.java:166) - Roll-calling port 4000...
ACTOR_DEBUG | 2020-05-15 11:30:09 | [Thread-1] actor.Actor (Actor.java:166) - Roll-calling port 4001...
ACTOR_DEBUG | 2020-05-15 11:30:09 | [nioEventLoopGroup-2-2] actor.Actor$ClientHandler (Actor.java:588) - A new client handler has been instantiated by [Fate].
ACTOR_DEBUG | 2020-05-15 11:30:09 | [nioEventLoopGroup-2-1] actor.Actor$ClientHandler (Actor.java:588) - A new client handler has been instantiated by [Fate].
ACTOR_DEBUG | 2020-05-15 11:30:09 | [nioEventLoopGroup-2-3] actor.Actor$ClientHandler (Actor.java:588) - A new client handler has been instantiated by [Fate].
ACTOR_DEBUG | 2020-05-15 11:30:09 | [nioEventLoopGroup-2-1] actor.Actor$1 (Actor.java:161) - Pipeline from [Fate] to port 4000 initialized.
ACTOR_DEBUG | 2020-05-15 11:30:09 | [nioEventLoopGroup-2-2] actor.Actor$1 (Actor.java:161) - Pipeline from [Fate] to port 4001 initialized.
ACTOR_DEBUG | 2020-05-15 11:30:09 | [nioEventLoopGroup-2-3] actor.Actor$1 (Actor.java:161) - Pipeline from [Fate] to port 4002 initialized.
ACTOR_DEBUG | 2020-05-15 11:30:09 | [nioEventLoopGroup-2-2] actor.Actor$ClientHandler (Actor.java:594) - ChannelHandler 1451894263 has connected to its target.
ACTOR_DEBUG | 2020-05-15 11:30:09 | [nioEventLoopGroup-2-3] actor.Actor$ClientHandler (Actor.java:594) - ChannelHandler 944251579 has connected to its target.
ACTOR_INFO | 2020-05-15 11:30:09 | [nioEventLoopGroup-2-3] actor.Actor$ClientHandler (Actor.java:603) - Roll-call sent from [Fate] to port 4002.
ACTOR_INFO | 2020-05-15 11:30:09 | [nioEventLoopGroup-2-2] actor.Actor$ClientHandler (Actor.java:603) - Roll-call sent from [Fate] to port 4001.
ACTOR_INFO | 2020-05-15 11:30:09 | [nioEventLoopGroup-2-3] actor.Actor$ClientHandler (Actor.java:615) - [Fate] received a roll-call response from [CallMeKey], who is on port 4002.
ACTOR_INFO | 2020-05-15 11:30:09 | [nioEventLoopGroup-2-2] actor.Actor$ClientHandler (Actor.java:615) - [Fate] received a roll-call response from [Xander], who is on port 4001.
ACTOR_DEBUG | 2020-05-15 11:30:09 | [nioEventLoopGroup-2-3] actor.Actor$ClientHandler (Actor.java:620) - [Fate] added [CallMeKey] to their contact list.
ACTOR_DEBUG | 2020-05-15 11:30:09 | [nioEventLoopGroup-2-2] actor.Actor$ClientHandler (Actor.java:620) - [Fate] added [Xander] to their contact list.
ACTOR_DEBUG | 2020-05-15 11:30:11 | [Thread-0] actor.Actor (Actor.java:169) - Client roll-calling port 4000 has closed.
ACTOR_DEBUG | 2020-05-15 11:30:11 | [Thread-5] actor.Actor (Actor.java:184) - Initializing server for [Fate]...
ACTOR_DEBUG | 2020-05-15 11:30:11 | [Thread-5] actor.Actor (Actor.java:205) - Server for [Fate] bound to port 4003.
ACTOR_DEBUG | 2020-05-15 11:30:11 | [main] actor.Actor (Actor.java:111) - Successfully instantiated [Fate].
ACTOR_INFO | 2020-05-15 11:30:11 | [Thread-4] actor.Actor$ScriptReader (Actor.java:393) - [Fate] going to cue scene1/cue1.
ACTOR_ERROR | 2020-05-15 11:30:11 | [Thread-4] actor.Actor$ScriptReader (Actor.java:561) - [Fate] is expecting [Lexa] to be onstage, but they're not.
ACTOR_INFO | 2020-05-15 11:30:11 | [Thread-4] actor.Actor$ScriptReader (Actor.java:565) - [Fate] has found [Xander] onstage.
ACTOR_INFO | 2020-05-15 11:30:11 | [Thread-4] actor.Actor$ScriptReader (Actor.java:565) - [Fate] has found [CallMeKey] onstage.
ACTOR_DEBUG | 2020-05-15 11:30:11 | [nioEventLoopGroup-4-2] actor.Actor$ServerHandler (Actor.java:655) - [Fate]'s server handler has been instantiated.
ACTOR_DEBUG | 2020-05-15 11:30:11 | [nioEventLoopGroup-4-1] actor.Actor$ServerHandler (Actor.java:655) - [Fate]'s server handler has been instantiated.
ACTOR_DEBUG | 2020-05-15 11:30:11 | [nioEventLoopGroup-4-1] actor.Actor$2 (Actor.java:200) - Channel pipeline [fe675877] to Server [Fate] has been initialized.
ACTOR_DEBUG | 2020-05-15 11:30:11 | [nioEventLoopGroup-4-2] actor.Actor$2 (Actor.java:200) - Channel pipeline [a1d440b2] to Server [Fate] has been initialized.
ACTOR_INFO | 2020-05-15 11:30:11 | [nioEventLoopGroup-4-2] actor.Actor$ServerHandler (Actor.java:678) - [Fate] received a roll-call request from [Xander], who is on port 4001.
ACTOR_INFO | 2020-05-15 11:30:11 | [nioEventLoopGroup-4-1] actor.Actor$ServerHandler (Actor.java:678) - [Fate] received a roll-call request from [CallMeKey], who is on port 4002.
ACTOR_ERROR | 2020-05-15 11:30:11 | [nioEventLoopGroup-4-2] actor.Actor$ServerHandler (Actor.java:686) - [Fate] already has [Xander] in their contact list.
ACTOR_ERROR | 2020-05-15 11:30:11 | [nioEventLoopGroup-4-1] actor.Actor$ServerHandler (Actor.java:686) - [Fate] already has [CallMeKey] in their contact list.
ACTOR_DEBUG | 2020-05-15 11:30:17 | [nioEventLoopGroup-4-3] actor.Actor$ServerHandler (Actor.java:655) - [Fate]'s server handler has been instantiated.
ACTOR_DEBUG | 2020-05-15 11:30:17 | [nioEventLoopGroup-4-3] actor.Actor$2 (Actor.java:200) - Channel pipeline [89a44f6e] to Server [Fate] has been initialized.
ACTOR_INFO | 2020-05-15 11:30:17 | [nioEventLoopGroup-4-3] actor.Actor$ServerHandler (Actor.java:678) - [Fate] received a roll-call request from [Lexa], who is on port 4000.
ACTOR_DEBUG | 2020-05-15 11:30:17 | [Thread-6] actor.Actor (Actor.java:147) - Initializing a client for [Fate] to roll-call port 4000...
ACTOR_DEBUG | 2020-05-15 11:30:17 | [Thread-6] actor.Actor (Actor.java:164) - Bootstrap 1790120702 configured.
ACTOR_DEBUG | 2020-05-15 11:30:17 | [Thread-6] actor.Actor (Actor.java:166) - Roll-calling port 4000...
ACTOR_DEBUG | 2020-05-15 11:30:17 | [nioEventLoopGroup-2-4] actor.Actor$ClientHandler (Actor.java:588) - A new client handler has been instantiated by [Fate].
ACTOR_DEBUG | 2020-05-15 11:30:17 | [nioEventLoopGroup-2-4] actor.Actor$1 (Actor.java:161) - Pipeline from [Fate] to port 4000 initialized.
ACTOR_DEBUG | 2020-05-15 11:30:18 | [nioEventLoopGroup-2-4] actor.Actor$ClientHandler (Actor.java:594) - ChannelHandler 2079211702 has connected to its target.
ACTOR_INFO | 2020-05-15 11:30:18 | [nioEventLoopGroup-2-4] actor.Actor$ClientHandler (Actor.java:603) - Roll-call sent from [Fate] to port 4000.
ACTOR_INFO | 2020-05-15 11:30:18 | [nioEventLoopGroup-2-4] actor.Actor$ClientHandler (Actor.java:615) - [Fate] received a roll-call response from [Lexa], who is on port 4000.
ACTOR_DEBUG | 2020-05-15 11:30:18 | [nioEventLoopGroup-2-4] actor.Actor$ClientHandler (Actor.java:620) - [Fate] added [Lexa] to their contact list.
ACTOR_INFO | 2020-05-15 11:30:18 | [Thread-4] actor.Actor$ScriptReader (Actor.java:565) - [Fate] has found [Lexa] onstage.
ACTOR_INFO | 2020-05-15 11:30:18 | [Thread-4] actor.Actor$ScriptReader (Actor.java:565) - [Fate] has found [Xander] onstage.
ACTOR_INFO | 2020-05-15 11:30:18 | [Thread-4] actor.Actor$ScriptReader (Actor.java:565) - [Fate] has found [CallMeKey] onstage.
ACTOR_DEBUG | 2020-05-15 11:30:18 | [Thread-4] actor.Actor$ScriptReader (Actor.java:457) - [Fate] is waiting for a monologue to finish.
ACTOR_DEBUG | 2020-05-15 11:30:20 | [Thread-4] actor.Actor$ScriptReader (Actor.java:460) - The monologue that [Fate] was waiting on has finished.
ACTOR_INFO | 2020-05-15 11:30:20 | [Thread-4] actor.Actor$ScriptReader (Actor.java:393) - [Fate] going to cue scene1/cue2.
ACTOR_INFO | 2020-05-15 11:30:20 | [Thread-4] actor.Actor$ScriptReader (Actor.java:565) - [Fate] has found [Lexa] onstage.
ACTOR_INFO | 2020-05-15 11:30:20 | [Thread-4] actor.Actor$ScriptReader (Actor.java:565) - [Fate] has found [Xander] onstage.
ACTOR_INFO | 2020-05-15 11:30:20 | [Thread-4] actor.Actor$ScriptReader (Actor.java:565) - [Fate] has found [CallMeKey] onstage.
ACTOR_INFO | 2020-05-15 11:30:20 | [Thread-4] actor.Actor$ScriptReader (Actor.java:517) - [Fate] entering conversation.
ACTOR_INFO | 2020-05-15 11:30:20 | [Thread-4] actor.Actor$ScriptReader (Actor.java:526) - [Fate] will be conversing with [Lexa].
ACTOR_INFO | 2020-05-15 11:30:20 | [Thread-4] actor.Actor$ScriptReader (Actor.java:526) - [Fate] will be conversing with [Xander].
ACTOR_INFO | 2020-05-15 11:30:20 | [Thread-4] actor.Actor$ScriptReader (Actor.java:526) - [Fate] will be conversing with [CallMeKey].
ACTOR_INFO | 2020-05-15 11:30:21 | [nioEventLoopGroup-4-2] actor.Actor$ServerHandler (Actor.java:668) - [Fate] received the direct-message "dude lex" from [Xander].
ACTOR_INFO | 2020-05-15 11:30:22 | [nioEventLoopGroup-4-2] actor.Actor$ServerHandler (Actor.java:668) - [Fate] received the direct-message "have you no chill" from [Xander].
ACTOR_INFO | 2020-05-15 11:30:23 | [nioEventLoopGroup-4-3] actor.Actor$ServerHandler (Actor.java:668) - [Fate] received the direct-message "What? It's a good movie!" from [Lexa].
ACTOR_INFO | 2020-05-15 11:30:24 | [nioEventLoopGroup-4-2] actor.Actor$ServerHandler (Actor.java:668) - [Fate] received the direct-message "what" from [Xander].
ACTOR_INFO | 2020-05-15 11:30:25 | [nioEventLoopGroup-4-3] actor.Actor$ServerHandler (Actor.java:668) - [Fate] received the direct-message "Wait, you haven't-" from [Lexa].
ACTOR_INFO | 2020-05-15 11:30:26 | [nioEventLoopGroup-4-3] actor.Actor$ServerHandler (Actor.java:668) - [Fate] received the direct-message "..." from [Lexa].
ACTOR_INFO | 2020-05-15 11:30:28 | [nioEventLoopGroup-4-3] actor.Actor$ServerHandler (Actor.java:668) - [Fate] received the direct-message "You haven't seen the Princess Bride?" from [Lexa].
ACTOR_INFO | 2020-05-15 11:30:29 | [nioEventLoopGroup-4-1] actor.Actor$ServerHandler (Actor.java:668) - [Fate] received the direct-message "(you have got to be kidding me, x)" from [CallMeKey].
ACTOR_INFO | 2020-05-15 11:30:30 | [Thread-4] actor.Actor (Actor.java:277) - [Fate] direct-messaged "Are you honest? Are you for real?" to [Lexa].
ACTOR_INFO | 2020-05-15 11:30:30 | [Thread-4] actor.Actor (Actor.java:277) - [Fate] direct-messaged "Are you honest? Are you for real?" to [Xander].
ACTOR_INFO | 2020-05-15 11:30:30 | [Thread-4] actor.Actor (Actor.java:277) - [Fate] direct-messaged "Are you honest? Are you for real?" to [CallMeKey].
ACTOR_INFO | 2020-05-15 11:30:30 | [nioEventLoopGroup-2-4] actor.Actor$ClientHandler (Actor.java:633) - [Fate] received a confirmation from [Lexa] about message.
ACTOR_INFO | 2020-05-15 11:30:30 | [nioEventLoopGroup-2-2] actor.Actor$ClientHandler (Actor.java:633) - [Fate] received a confirmation from [Xander] about message.
ACTOR_INFO | 2020-05-15 11:30:30 | [nioEventLoopGroup-2-3] actor.Actor$ClientHandler (Actor.java:633) - [Fate] received a confirmation from [CallMeKey] about message.
ACTOR_INFO | 2020-05-15 11:30:30 | [nioEventLoopGroup-4-1] actor.Actor$ServerHandler (Actor.java:668) - [Fate] received the direct-message "(please be lying)" from [CallMeKey].
ACTOR_INFO | 2020-05-15 11:30:31 | [nioEventLoopGroup-4-3] actor.Actor$ServerHandler (Actor.java:668) - [Fate] received the direct-message "Please be lying." from [Lexa].
ACTOR_INFO | 2020-05-15 11:30:32 | [nioEventLoopGroup-4-2] actor.Actor$ServerHandler (Actor.java:668) - [Fate] received the direct-message "whats a princess" from [Xander].
ACTOR_INFO | 2020-05-15 11:30:33 | [nioEventLoopGroup-4-3] actor.Actor$ServerHandler (Actor.java:668) - [Fate] received the direct-message "Stoooooop talking." from [Lexa].
ACTOR_INFO | 2020-05-15 11:30:33 | [nioEventLoopGroup-4-3] actor.Actor$ServerHandler (Actor.java:668) - [Fate] received the direct-message "Just. Stop." from [Lexa].
ACTOR_INFO | 2020-05-15 11:30:35 | [Thread-4] actor.Actor (Actor.java:277) - [Fate] direct-messaged "Sounds like a watch party is in order!" to [Lexa].
ACTOR_INFO | 2020-05-15 11:30:35 | [Thread-4] actor.Actor (Actor.java:277) - [Fate] direct-messaged "Sounds like a watch party is in order!" to [Xander].
ACTOR_INFO | 2020-05-15 11:30:35 | [Thread-4] actor.Actor (Actor.java:277) - [Fate] direct-messaged "Sounds like a watch party is in order!" to [CallMeKey].
ACTOR_INFO | 2020-05-15 11:30:35 | [Thread-4] actor.Actor$ScriptReader (Actor.java:393) - [Fate] going to cue scene1/cue3.
ACTOR_INFO | 2020-05-15 11:30:35 | [Thread-4] actor.Actor$ScriptReader (Actor.java:422) - [Fate] has been instructed to exit the stage.
ACTOR_INFO | 2020-05-15 11:30:35 | [nioEventLoopGroup-2-4] actor.Actor$ClientHandler (Actor.java:633) - [Fate] received a confirmation from [Lexa] about message.
ACTOR_INFO | 2020-05-15 11:30:35 | [nioEventLoopGroup-2-2] actor.Actor$ClientHandler (Actor.java:633) - [Fate] received a confirmation from [Xander] about message.
ACTOR_INFO | 2020-05-15 11:30:35 | [nioEventLoopGroup-2-3] actor.Actor$ClientHandler (Actor.java:633) - [Fate] received a confirmation from [CallMeKey] about message.
ACTOR_DEBUG | 2020-05-15 11:30:35 | [Thread-6] actor.Actor (Actor.java:169) - Client roll-calling port 4000 has closed.
ACTOR_DEBUG | 2020-05-15 11:30:35 | [Thread-1] actor.Actor (Actor.java:169) - Client roll-calling port 4001 has closed.
ACTOR_DEBUG | 2020-05-15 11:30:35 | [Thread-2] actor.Actor (Actor.java:169) - Client roll-calling port 4002 has closed.
ACTOR_DEBUG | 2020-05-15 11:30:35 | [Thread-4] actor.Actor (Actor.java:217) - Worker group is shutting down for [Fate]
ACTOR_DEBUG | 2020-05-15 11:30:35 | [Thread-4] actor.Actor (Actor.java:223) - Boss group is shutting down for Fate
ACTOR_DEBUG | 2020-05-15 11:30:35 | [Thread-4] actor.Actor (Actor.java:236) - Client group is shutting down for Fate
ACTOR_DEBUG | 2020-05-15 11:30:35 | [Thread-4] actor.Actor (Actor.java:248) - Exit actor [Fate].
ACTOR_DEBUG | 2020-05-15 11:40:12 | [main] actor.Actor (Actor.java:88) - 
ACTOR_DEBUG | 2020-05-15 11:40:12 | [main] actor.Actor (Actor.java:89) - Instantiating actor [Fate] on port [4003]...
ACTOR_DEBUG | 2020-05-15 11:40:12 | [Thread-1] actor.Actor (Actor.java:147) - Initializing a client for [Fate] to roll-call port 4001...
ACTOR_DEBUG | 2020-05-15 11:40:12 | [Thread-2] actor.Actor (Actor.java:147) - Initializing a client for [Fate] to roll-call port 4002...
ACTOR_DEBUG | 2020-05-15 11:40:12 | [Thread-0] actor.Actor (Actor.java:147) - Initializing a client for [Fate] to roll-call port 4000...
ACTOR_DEBUG | 2020-05-15 11:40:12 | [Thread-0] actor.Actor (Actor.java:164) - Bootstrap 1258151416 configured.
ACTOR_DEBUG | 2020-05-15 11:40:12 | [Thread-1] actor.Actor (Actor.java:164) - Bootstrap 654802722 configured.
ACTOR_DEBUG | 2020-05-15 11:40:12 | [Thread-2] actor.Actor (Actor.java:164) - Bootstrap 194586908 configured.
ACTOR_DEBUG | 2020-05-15 11:40:12 | [Thread-0] actor.Actor (Actor.java:166) - Roll-calling port 4000...
ACTOR_DEBUG | 2020-05-15 11:40:12 | [Thread-1] actor.Actor (Actor.java:166) - Roll-calling port 4001...
ACTOR_DEBUG | 2020-05-15 11:40:12 | [Thread-2] actor.Actor (Actor.java:166) - Roll-calling port 4002...
ACTOR_DEBUG | 2020-05-15 11:40:12 | [nioEventLoopGroup-2-1] actor.Actor$ClientHandler (Actor.java:589) - A new client handler has been instantiated by [Fate].
ACTOR_DEBUG | 2020-05-15 11:40:12 | [nioEventLoopGroup-2-3] actor.Actor$ClientHandler (Actor.java:589) - A new client handler has been instantiated by [Fate].
ACTOR_DEBUG | 2020-05-15 11:40:12 | [nioEventLoopGroup-2-2] actor.Actor$ClientHandler (Actor.java:589) - A new client handler has been instantiated by [Fate].
ACTOR_DEBUG | 2020-05-15 11:40:12 | [nioEventLoopGroup-2-1] actor.Actor$1 (Actor.java:161) - Pipeline from [Fate] to port 4000 initialized.
ACTOR_DEBUG | 2020-05-15 11:40:12 | [nioEventLoopGroup-2-3] actor.Actor$1 (Actor.java:161) - Pipeline from [Fate] to port 4002 initialized.
ACTOR_DEBUG | 2020-05-15 11:40:12 | [nioEventLoopGroup-2-2] actor.Actor$1 (Actor.java:161) - Pipeline from [Fate] to port 4001 initialized.
ACTOR_DEBUG | 2020-05-15 11:40:12 | [nioEventLoopGroup-2-2] actor.Actor$ClientHandler (Actor.java:595) - ChannelHandler 105737326 has connected to its target.
ACTOR_INFO | 2020-05-15 11:40:12 | [nioEventLoopGroup-2-2] actor.Actor$ClientHandler (Actor.java:604) - Roll-call sent from [Fate] to port 4001.
ACTOR_INFO | 2020-05-15 11:40:12 | [nioEventLoopGroup-2-2] actor.Actor$ClientHandler (Actor.java:616) - [Fate] received a roll-call response from [Xander], who is on port 4001.
ACTOR_DEBUG | 2020-05-15 11:40:12 | [nioEventLoopGroup-2-2] actor.Actor$ClientHandler (Actor.java:621) - [Fate] added [Xander] to their contact list.
ACTOR_DEBUG | 2020-05-15 11:40:14 | [Thread-0] actor.Actor (Actor.java:169) - Client roll-calling port 4000 has closed.
ACTOR_DEBUG | 2020-05-15 11:40:14 | [Thread-2] actor.Actor (Actor.java:169) - Client roll-calling port 4002 has closed.
ACTOR_DEBUG | 2020-05-15 11:40:14 | [Thread-5] actor.Actor (Actor.java:184) - Initializing server for [Fate]...
ACTOR_DEBUG | 2020-05-15 11:40:14 | [main] actor.Actor (Actor.java:111) - Successfully instantiated [Fate].
ACTOR_DEBUG | 2020-05-15 11:40:14 | [Thread-5] actor.Actor (Actor.java:205) - Server for [Fate] bound to port 4003.
ACTOR_INFO | 2020-05-15 11:40:14 | [Thread-4] actor.Actor$ScriptReader (Actor.java:393) - [Fate] going to cue scene1/cue1.
ACTOR_ERROR | 2020-05-15 11:40:14 | [Thread-4] actor.Actor$ScriptReader (Actor.java:562) - [Fate] is expecting [Lexa] to be onstage, but they're not.
ACTOR_INFO | 2020-05-15 11:40:14 | [Thread-4] actor.Actor$ScriptReader (Actor.java:566) - [Fate] has found [Xander] onstage.
ACTOR_ERROR | 2020-05-15 11:40:14 | [Thread-4] actor.Actor$ScriptReader (Actor.java:562) - [Fate] is expecting [CallMeKey] to be onstage, but they're not.
ACTOR_INFO | 2020-05-15 11:40:14 | [Thread-4] actor.Actor (Actor.java:263) - [Fate] spoke "I'm waiting" to the user.
ACTOR_DEBUG | 2020-05-15 11:40:14 | [nioEventLoopGroup-4-1] actor.Actor$ServerHandler (Actor.java:656) - [Fate]'s server handler has been instantiated.
ACTOR_DEBUG | 2020-05-15 11:40:14 | [nioEventLoopGroup-4-1] actor.Actor$2 (Actor.java:200) - Channel pipeline [af851426] to Server [Fate] has been initialized.
ACTOR_INFO | 2020-05-15 11:40:14 | [nioEventLoopGroup-4-1] actor.Actor$ServerHandler (Actor.java:679) - [Fate] received a roll-call request from [Xander], who is on port 4001.
ACTOR_ERROR | 2020-05-15 11:40:14 | [nioEventLoopGroup-4-1] actor.Actor$ServerHandler (Actor.java:687) - [Fate] already has [Xander] in their contact list.
ACTOR_DEBUG | 2020-05-15 11:40:16 | [nioEventLoopGroup-4-2] actor.Actor$ServerHandler (Actor.java:656) - [Fate]'s server handler has been instantiated.
ACTOR_DEBUG | 2020-05-15 11:40:16 | [nioEventLoopGroup-4-2] actor.Actor$2 (Actor.java:200) - Channel pipeline [4d5fa91b] to Server [Fate] has been initialized.
ACTOR_INFO | 2020-05-15 11:40:16 | [nioEventLoopGroup-4-2] actor.Actor$ServerHandler (Actor.java:679) - [Fate] received a roll-call request from [CallMeKey], who is on port 4002.
ACTOR_DEBUG | 2020-05-15 11:40:16 | [Thread-6] actor.Actor (Actor.java:147) - Initializing a client for [Fate] to roll-call port 4002...
ACTOR_DEBUG | 2020-05-15 11:40:16 | [Thread-6] actor.Actor (Actor.java:164) - Bootstrap 556591399 configured.
ACTOR_DEBUG | 2020-05-15 11:40:16 | [Thread-6] actor.Actor (Actor.java:166) - Roll-calling port 4002...
ACTOR_DEBUG | 2020-05-15 11:40:16 | [nioEventLoopGroup-2-4] actor.Actor$ClientHandler (Actor.java:589) - A new client handler has been instantiated by [Fate].
ACTOR_DEBUG | 2020-05-15 11:40:16 | [nioEventLoopGroup-2-4] actor.Actor$1 (Actor.java:161) - Pipeline from [Fate] to port 4002 initialized.
ACTOR_DEBUG | 2020-05-15 11:40:18 | [nioEventLoopGroup-2-4] actor.Actor$ClientHandler (Actor.java:595) - ChannelHandler 1615559054 has connected to its target.
ACTOR_INFO | 2020-05-15 11:40:18 | [nioEventLoopGroup-2-4] actor.Actor$ClientHandler (Actor.java:604) - Roll-call sent from [Fate] to port 4002.
ACTOR_INFO | 2020-05-15 11:40:18 | [nioEventLoopGroup-2-4] actor.Actor$ClientHandler (Actor.java:616) - [Fate] received a roll-call response from [CallMeKey], who is on port 4002.
ACTOR_DEBUG | 2020-05-15 11:40:18 | [nioEventLoopGroup-2-4] actor.Actor$ClientHandler (Actor.java:621) - [Fate] added [CallMeKey] to their contact list.
ACTOR_ERROR | 2020-05-15 11:40:18 | [Thread-4] actor.Actor$ScriptReader (Actor.java:562) - [Fate] is expecting [Lexa] to be onstage, but they're not.
ACTOR_INFO | 2020-05-15 11:40:18 | [Thread-4] actor.Actor$ScriptReader (Actor.java:566) - [Fate] has found [Xander] onstage.
ACTOR_INFO | 2020-05-15 11:40:18 | [Thread-4] actor.Actor$ScriptReader (Actor.java:566) - [Fate] has found [CallMeKey] onstage.
ACTOR_INFO | 2020-05-15 11:40:18 | [Thread-4] actor.Actor (Actor.java:263) - [Fate] spoke "I'm waiting" to the user.
ACTOR_DEBUG | 2020-05-15 11:40:20 | [nioEventLoopGroup-4-3] actor.Actor$ServerHandler (Actor.java:656) - [Fate]'s server handler has been instantiated.
ACTOR_DEBUG | 2020-05-15 11:40:20 | [nioEventLoopGroup-4-3] actor.Actor$2 (Actor.java:200) - Channel pipeline [1cc8ee0b] to Server [Fate] has been initialized.
ACTOR_INFO | 2020-05-15 11:40:20 | [nioEventLoopGroup-4-3] actor.Actor$ServerHandler (Actor.java:679) - [Fate] received a roll-call request from [Lexa], who is on port 4000.
ACTOR_DEBUG | 2020-05-15 11:40:20 | [Thread-7] actor.Actor (Actor.java:147) - Initializing a client for [Fate] to roll-call port 4000...
ACTOR_DEBUG | 2020-05-15 11:40:20 | [Thread-7] actor.Actor (Actor.java:164) - Bootstrap 180008274 configured.
ACTOR_DEBUG | 2020-05-15 11:40:20 | [Thread-7] actor.Actor (Actor.java:166) - Roll-calling port 4000...
ACTOR_DEBUG | 2020-05-15 11:40:20 | [nioEventLoopGroup-2-5] actor.Actor$ClientHandler (Actor.java:589) - A new client handler has been instantiated by [Fate].
ACTOR_DEBUG | 2020-05-15 11:40:20 | [nioEventLoopGroup-2-5] actor.Actor$1 (Actor.java:161) - Pipeline from [Fate] to port 4000 initialized.
ACTOR_DEBUG | 2020-05-15 11:40:21 | [nioEventLoopGroup-2-5] actor.Actor$ClientHandler (Actor.java:595) - ChannelHandler 616758267 has connected to its target.
ACTOR_INFO | 2020-05-15 11:40:21 | [nioEventLoopGroup-2-5] actor.Actor$ClientHandler (Actor.java:604) - Roll-call sent from [Fate] to port 4000.
ACTOR_INFO | 2020-05-15 11:40:21 | [nioEventLoopGroup-2-5] actor.Actor$ClientHandler (Actor.java:616) - [Fate] received a roll-call response from [Lexa], who is on port 4000.
ACTOR_DEBUG | 2020-05-15 11:40:21 | [nioEventLoopGroup-2-5] actor.Actor$ClientHandler (Actor.java:621) - [Fate] added [Lexa] to their contact list.
ACTOR_INFO | 2020-05-15 11:40:21 | [Thread-4] actor.Actor$ScriptReader (Actor.java:566) - [Fate] has found [Lexa] onstage.
ACTOR_INFO | 2020-05-15 11:40:21 | [Thread-4] actor.Actor$ScriptReader (Actor.java:566) - [Fate] has found [Xander] onstage.
ACTOR_INFO | 2020-05-15 11:40:21 | [Thread-4] actor.Actor$ScriptReader (Actor.java:566) - [Fate] has found [CallMeKey] onstage.
ACTOR_DEBUG | 2020-05-15 11:40:21 | [Thread-4] actor.Actor$ScriptReader (Actor.java:458) - [Fate] is waiting for a monologue to finish.
ACTOR_DEBUG | 2020-05-15 11:40:23 | [Thread-4] actor.Actor$ScriptReader (Actor.java:461) - The monologue that [Fate] was waiting on has finished.
ACTOR_INFO | 2020-05-15 11:40:23 | [Thread-4] actor.Actor$ScriptReader (Actor.java:393) - [Fate] going to cue scene1/cue2.
ACTOR_INFO | 2020-05-15 11:40:23 | [Thread-4] actor.Actor$ScriptReader (Actor.java:566) - [Fate] has found [Lexa] onstage.
ACTOR_INFO | 2020-05-15 11:40:23 | [Thread-4] actor.Actor$ScriptReader (Actor.java:566) - [Fate] has found [Xander] onstage.
ACTOR_INFO | 2020-05-15 11:40:23 | [Thread-4] actor.Actor$ScriptReader (Actor.java:566) - [Fate] has found [CallMeKey] onstage.
ACTOR_INFO | 2020-05-15 11:40:23 | [Thread-4] actor.Actor$ScriptReader (Actor.java:518) - [Fate] entering conversation.
ACTOR_INFO | 2020-05-15 11:40:23 | [Thread-4] actor.Actor$ScriptReader (Actor.java:527) - [Fate] will be conversing with [Lexa].
ACTOR_INFO | 2020-05-15 11:40:23 | [Thread-4] actor.Actor$ScriptReader (Actor.java:527) - [Fate] will be conversing with [Xander].
ACTOR_INFO | 2020-05-15 11:40:23 | [Thread-4] actor.Actor$ScriptReader (Actor.java:527) - [Fate] will be conversing with [CallMeKey].
ACTOR_INFO | 2020-05-15 11:40:24 | [nioEventLoopGroup-4-1] actor.Actor$ServerHandler (Actor.java:669) - [Fate] received the direct-message "dude lex" from [Xander].
ACTOR_INFO | 2020-05-15 11:40:25 | [nioEventLoopGroup-4-1] actor.Actor$ServerHandler (Actor.java:669) - [Fate] received the direct-message "have you no chill" from [Xander].
ACTOR_INFO | 2020-05-15 11:40:26 | [nioEventLoopGroup-4-3] actor.Actor$ServerHandler (Actor.java:669) - [Fate] received the direct-message "What? It's a good movie!" from [Lexa].
ACTOR_INFO | 2020-05-15 11:40:27 | [nioEventLoopGroup-4-1] actor.Actor$ServerHandler (Actor.java:669) - [Fate] received the direct-message "what" from [Xander].
ACTOR_INFO | 2020-05-15 11:40:28 | [nioEventLoopGroup-4-3] actor.Actor$ServerHandler (Actor.java:669) - [Fate] received the direct-message "Wait, you haven't-" from [Lexa].
ACTOR_INFO | 2020-05-15 11:40:28 | [nioEventLoopGroup-4-3] actor.Actor$ServerHandler (Actor.java:669) - [Fate] received the direct-message "..." from [Lexa].
ACTOR_INFO | 2020-05-15 11:40:31 | [nioEventLoopGroup-4-3] actor.Actor$ServerHandler (Actor.java:669) - [Fate] received the direct-message "You haven't seen the Princess Bride?" from [Lexa].
ACTOR_INFO | 2020-05-15 11:40:32 | [nioEventLoopGroup-4-2] actor.Actor$ServerHandler (Actor.java:669) - [Fate] received the direct-message "(you have got to be kidding me, x)" from [CallMeKey].
ACTOR_INFO | 2020-05-15 11:40:33 | [Thread-4] actor.Actor (Actor.java:277) - [Fate] direct-messaged "Are you honest? Are you for real?" to [Lexa].
ACTOR_INFO | 2020-05-15 11:40:33 | [Thread-4] actor.Actor (Actor.java:277) - [Fate] direct-messaged "Are you honest? Are you for real?" to [Xander].
ACTOR_INFO | 2020-05-15 11:40:33 | [Thread-4] actor.Actor (Actor.java:277) - [Fate] direct-messaged "Are you honest? Are you for real?" to [CallMeKey].
ACTOR_INFO | 2020-05-15 11:40:33 | [nioEventLoopGroup-2-5] actor.Actor$ClientHandler (Actor.java:634) - [Fate] received a confirmation from [Lexa] about message.
ACTOR_INFO | 2020-05-15 11:40:33 | [nioEventLoopGroup-2-2] actor.Actor$ClientHandler (Actor.java:634) - [Fate] received a confirmation from [Xander] about message.
ACTOR_INFO | 2020-05-15 11:40:33 | [nioEventLoopGroup-2-4] actor.Actor$ClientHandler (Actor.java:634) - [Fate] received a confirmation from [CallMeKey] about message.
ACTOR_INFO | 2020-05-15 11:40:33 | [nioEventLoopGroup-4-2] actor.Actor$ServerHandler (Actor.java:669) - [Fate] received the direct-message "(please be lying)" from [CallMeKey].
ACTOR_INFO | 2020-05-15 11:40:33 | [nioEventLoopGroup-4-3] actor.Actor$ServerHandler (Actor.java:669) - [Fate] received the direct-message "Please be lying." from [Lexa].
ACTOR_INFO | 2020-05-15 11:40:34 | [nioEventLoopGroup-4-1] actor.Actor$ServerHandler (Actor.java:669) - [Fate] received the direct-message "whats a princess" from [Xander].
ACTOR_INFO | 2020-05-15 11:40:35 | [nioEventLoopGroup-4-3] actor.Actor$ServerHandler (Actor.java:669) - [Fate] received the direct-message "Stoooooop talking." from [Lexa].
ACTOR_INFO | 2020-05-15 11:40:36 | [nioEventLoopGroup-4-3] actor.Actor$ServerHandler (Actor.java:669) - [Fate] received the direct-message "Just. Stop." from [Lexa].
ACTOR_INFO | 2020-05-15 11:40:38 | [Thread-4] actor.Actor (Actor.java:277) - [Fate] direct-messaged "Sounds like a watch party is in order!" to [Lexa].
ACTOR_INFO | 2020-05-15 11:40:38 | [Thread-4] actor.Actor (Actor.java:277) - [Fate] direct-messaged "Sounds like a watch party is in order!" to [Xander].
ACTOR_INFO | 2020-05-15 11:40:38 | [Thread-4] actor.Actor (Actor.java:277) - [Fate] direct-messaged "Sounds like a watch party is in order!" to [CallMeKey].
ACTOR_INFO | 2020-05-15 11:40:38 | [Thread-4] actor.Actor$ScriptReader (Actor.java:393) - [Fate] going to cue scene1/cue3.
ACTOR_INFO | 2020-05-15 11:40:38 | [Thread-4] actor.Actor$ScriptReader (Actor.java:422) - [Fate] has been instructed to exit the stage.
ACTOR_INFO | 2020-05-15 11:40:38 | [nioEventLoopGroup-2-5] actor.Actor$ClientHandler (Actor.java:634) - [Fate] received a confirmation from [Lexa] about message.
ACTOR_INFO | 2020-05-15 11:40:38 | [nioEventLoopGroup-2-2] actor.Actor$ClientHandler (Actor.java:634) - [Fate] received a confirmation from [Xander] about message.
ACTOR_INFO | 2020-05-15 11:40:38 | [nioEventLoopGroup-2-4] actor.Actor$ClientHandler (Actor.java:634) - [Fate] received a confirmation from [CallMeKey] about message.
ACTOR_DEBUG | 2020-05-15 11:40:38 | [Thread-7] actor.Actor (Actor.java:169) - Client roll-calling port 4000 has closed.
ACTOR_DEBUG | 2020-05-15 11:40:38 | [Thread-6] actor.Actor (Actor.java:169) - Client roll-calling port 4002 has closed.
ACTOR_DEBUG | 2020-05-15 11:40:38 | [Thread-1] actor.Actor (Actor.java:169) - Client roll-calling port 4001 has closed.
ACTOR_DEBUG | 2020-05-15 11:40:38 | [Thread-4] actor.Actor (Actor.java:217) - Worker group is shutting down for [Fate]
ACTOR_DEBUG | 2020-05-15 11:40:38 | [Thread-4] actor.Actor (Actor.java:223) - Boss group is shutting down for Fate
ACTOR_DEBUG | 2020-05-15 11:40:38 | [Thread-4] actor.Actor (Actor.java:236) - Client group is shutting down for Fate
ACTOR_DEBUG | 2020-05-15 11:40:38 | [Thread-4] actor.Actor (Actor.java:248) - Exit actor [Fate].
ACTOR_DEBUG | 2020-05-16 01:14:15 | [main] actor.Actor (Actor.java:88) - 
ACTOR_DEBUG | 2020-05-16 01:14:15 | [main] actor.Actor (Actor.java:89) - Instantiating actor [Fate] on port [4003]...
ACTOR_DEBUG | 2020-05-16 01:14:15 | [Thread-1] actor.Actor (Actor.java:147) - Initializing a client for [Fate] to roll-call port 4001...
ACTOR_DEBUG | 2020-05-16 01:14:15 | [Thread-0] actor.Actor (Actor.java:147) - Initializing a client for [Fate] to roll-call port 4000...
ACTOR_DEBUG | 2020-05-16 01:14:15 | [Thread-2] actor.Actor (Actor.java:147) - Initializing a client for [Fate] to roll-call port 4002...
ACTOR_DEBUG | 2020-05-16 01:14:15 | [Thread-2] actor.Actor (Actor.java:164) - Bootstrap 1717313731 configured.
ACTOR_DEBUG | 2020-05-16 01:14:15 | [Thread-1] actor.Actor (Actor.java:164) - Bootstrap 1164879853 configured.
ACTOR_DEBUG | 2020-05-16 01:14:15 | [Thread-0] actor.Actor (Actor.java:164) - Bootstrap 1074116232 configured.
ACTOR_DEBUG | 2020-05-16 01:14:15 | [Thread-1] actor.Actor (Actor.java:166) - Roll-calling port 4001...
ACTOR_DEBUG | 2020-05-16 01:14:15 | [Thread-2] actor.Actor (Actor.java:166) - Roll-calling port 4002...
ACTOR_DEBUG | 2020-05-16 01:14:15 | [Thread-0] actor.Actor (Actor.java:166) - Roll-calling port 4000...
ACTOR_DEBUG | 2020-05-16 01:14:15 | [nioEventLoopGroup-2-3] actor.Actor$ClientHandler (Actor.java:588) - A new client handler has been instantiated by [Fate].
ACTOR_DEBUG | 2020-05-16 01:14:15 | [nioEventLoopGroup-2-2] actor.Actor$ClientHandler (Actor.java:588) - A new client handler has been instantiated by [Fate].
ACTOR_DEBUG | 2020-05-16 01:14:15 | [nioEventLoopGroup-2-1] actor.Actor$ClientHandler (Actor.java:588) - A new client handler has been instantiated by [Fate].
ACTOR_DEBUG | 2020-05-16 01:14:15 | [nioEventLoopGroup-2-2] actor.Actor$1 (Actor.java:161) - Pipeline from [Fate] to port 4001 initialized.
ACTOR_DEBUG | 2020-05-16 01:14:15 | [nioEventLoopGroup-2-3] actor.Actor$1 (Actor.java:161) - Pipeline from [Fate] to port 4000 initialized.
ACTOR_DEBUG | 2020-05-16 01:14:15 | [nioEventLoopGroup-2-1] actor.Actor$1 (Actor.java:161) - Pipeline from [Fate] to port 4002 initialized.
ACTOR_DEBUG | 2020-05-16 01:14:15 | [nioEventLoopGroup-2-2] actor.Actor$ClientHandler (Actor.java:594) - ChannelHandler 2024002036 has connected to its target.
ACTOR_DEBUG | 2020-05-16 01:14:15 | [nioEventLoopGroup-2-3] actor.Actor$ClientHandler (Actor.java:594) - ChannelHandler 892584214 has connected to its target.
ACTOR_INFO | 2020-05-16 01:14:15 | [nioEventLoopGroup-2-3] actor.Actor$ClientHandler (Actor.java:603) - Roll-call sent from [Fate] to port 4000.
ACTOR_INFO | 2020-05-16 01:14:15 | [nioEventLoopGroup-2-2] actor.Actor$ClientHandler (Actor.java:603) - Roll-call sent from [Fate] to port 4001.
ACTOR_INFO | 2020-05-16 01:14:16 | [nioEventLoopGroup-2-3] actor.Actor$ClientHandler (Actor.java:615) - [Fate] received a roll-call response from [Lexa], who is on port 4000.
ACTOR_INFO | 2020-05-16 01:14:16 | [nioEventLoopGroup-2-2] actor.Actor$ClientHandler (Actor.java:615) - [Fate] received a roll-call response from [Xander], who is on port 4001.
ACTOR_DEBUG | 2020-05-16 01:14:16 | [nioEventLoopGroup-2-3] actor.Actor$ClientHandler (Actor.java:620) - [Fate] added [Lexa] to their contact list.
ACTOR_DEBUG | 2020-05-16 01:14:16 | [nioEventLoopGroup-2-2] actor.Actor$ClientHandler (Actor.java:620) - [Fate] added [Xander] to their contact list.
ACTOR_DEBUG | 2020-05-16 01:14:17 | [Thread-2] actor.Actor (Actor.java:169) - Client roll-calling port 4002 has closed.
ACTOR_DEBUG | 2020-05-16 01:14:17 | [Thread-5] actor.Actor (Actor.java:184) - Initializing server for [Fate]...
ACTOR_DEBUG | 2020-05-16 01:14:17 | [main] actor.Actor (Actor.java:111) - Successfully instantiated [Fate].
ACTOR_DEBUG | 2020-05-16 01:14:17 | [Thread-5] actor.Actor (Actor.java:205) - Server for [Fate] bound to port 4003.
ACTOR_INFO | 2020-05-16 01:14:17 | [Thread-4] actor.Actor$ScriptReader (Actor.java:393) - [Fate] going to cue scene1/cue1.
ACTOR_INFO | 2020-05-16 01:14:17 | [Thread-4] actor.Actor$ScriptReader (Actor.java:565) - [Fate] has found [Lexa] onstage.
ACTOR_INFO | 2020-05-16 01:14:17 | [Thread-4] actor.Actor$ScriptReader (Actor.java:565) - [Fate] has found [Xander] onstage.
ACTOR_ERROR | 2020-05-16 01:14:17 | [Thread-4] actor.Actor$ScriptReader (Actor.java:561) - [Fate] is expecting [CallMeKey] to be onstage, but they're not.
ACTOR_DEBUG | 2020-05-16 01:14:18 | [nioEventLoopGroup-4-1] actor.Actor$ServerHandler (Actor.java:655) - [Fate]'s server handler has been instantiated.
ACTOR_DEBUG | 2020-05-16 01:14:18 | [nioEventLoopGroup-4-2] actor.Actor$ServerHandler (Actor.java:655) - [Fate]'s server handler has been instantiated.
ACTOR_DEBUG | 2020-05-16 01:14:18 | [nioEventLoopGroup-4-2] actor.Actor$2 (Actor.java:200) - Channel pipeline [ca539359] to Server [Fate] has been initialized.
ACTOR_DEBUG | 2020-05-16 01:14:18 | [nioEventLoopGroup-4-1] actor.Actor$2 (Actor.java:200) - Channel pipeline [30100ecb] to Server [Fate] has been initialized.
ACTOR_INFO | 2020-05-16 01:14:18 | [nioEventLoopGroup-4-2] actor.Actor$ServerHandler (Actor.java:678) - [Fate] received a roll-call request from [Xander], who is on port 4001.
ACTOR_INFO | 2020-05-16 01:14:18 | [nioEventLoopGroup-4-1] actor.Actor$ServerHandler (Actor.java:678) - [Fate] received a roll-call request from [Lexa], who is on port 4000.
ACTOR_ERROR | 2020-05-16 01:14:18 | [nioEventLoopGroup-4-2] actor.Actor$ServerHandler (Actor.java:686) - [Fate] already has [Xander] in their contact list.
ACTOR_ERROR | 2020-05-16 01:14:18 | [nioEventLoopGroup-4-1] actor.Actor$ServerHandler (Actor.java:686) - [Fate] already has [Lexa] in their contact list.
ACTOR_DEBUG | 2020-05-16 01:14:23 | [nioEventLoopGroup-4-3] actor.Actor$ServerHandler (Actor.java:655) - [Fate]'s server handler has been instantiated.
ACTOR_DEBUG | 2020-05-16 01:14:23 | [nioEventLoopGroup-4-3] actor.Actor$2 (Actor.java:200) - Channel pipeline [3cf21191] to Server [Fate] has been initialized.
ACTOR_INFO | 2020-05-16 01:14:23 | [nioEventLoopGroup-4-3] actor.Actor$ServerHandler (Actor.java:678) - [Fate] received a roll-call request from [CallMeKey], who is on port 4002.
ACTOR_DEBUG | 2020-05-16 01:14:23 | [Thread-6] actor.Actor (Actor.java:147) - Initializing a client for [Fate] to roll-call port 4002...
ACTOR_DEBUG | 2020-05-16 01:14:23 | [Thread-6] actor.Actor (Actor.java:164) - Bootstrap 1790120702 configured.
ACTOR_DEBUG | 2020-05-16 01:14:23 | [Thread-6] actor.Actor (Actor.java:166) - Roll-calling port 4002...
ACTOR_DEBUG | 2020-05-16 01:14:23 | [nioEventLoopGroup-2-4] actor.Actor$ClientHandler (Actor.java:588) - A new client handler has been instantiated by [Fate].
ACTOR_DEBUG | 2020-05-16 01:14:23 | [nioEventLoopGroup-2-4] actor.Actor$1 (Actor.java:161) - Pipeline from [Fate] to port 4002 initialized.
ACTOR_DEBUG | 2020-05-16 01:14:24 | [nioEventLoopGroup-2-4] actor.Actor$ClientHandler (Actor.java:594) - ChannelHandler 2079211702 has connected to its target.
ACTOR_INFO | 2020-05-16 01:14:24 | [nioEventLoopGroup-2-4] actor.Actor$ClientHandler (Actor.java:603) - Roll-call sent from [Fate] to port 4002.
ACTOR_INFO | 2020-05-16 01:14:24 | [nioEventLoopGroup-2-4] actor.Actor$ClientHandler (Actor.java:615) - [Fate] received a roll-call response from [CallMeKey], who is on port 4002.
ACTOR_DEBUG | 2020-05-16 01:14:24 | [nioEventLoopGroup-2-4] actor.Actor$ClientHandler (Actor.java:620) - [Fate] added [CallMeKey] to their contact list.
ACTOR_INFO | 2020-05-16 01:14:24 | [Thread-4] actor.Actor$ScriptReader (Actor.java:565) - [Fate] has found [Lexa] onstage.
ACTOR_INFO | 2020-05-16 01:14:24 | [Thread-4] actor.Actor$ScriptReader (Actor.java:565) - [Fate] has found [Xander] onstage.
ACTOR_INFO | 2020-05-16 01:14:24 | [Thread-4] actor.Actor$ScriptReader (Actor.java:565) - [Fate] has found [CallMeKey] onstage.
ACTOR_DEBUG | 2020-05-16 01:14:24 | [Thread-4] actor.Actor$ScriptReader (Actor.java:457) - [Fate] is waiting for a monologue to finish.
ACTOR_DEBUG | 2020-05-16 01:14:27 | [Thread-4] actor.Actor$ScriptReader (Actor.java:460) - The monologue that [Fate] was waiting on has finished.
ACTOR_INFO | 2020-05-16 01:14:27 | [Thread-4] actor.Actor$ScriptReader (Actor.java:393) - [Fate] going to cue scene1/cue2.
ACTOR_INFO | 2020-05-16 01:14:27 | [Thread-4] actor.Actor$ScriptReader (Actor.java:565) - [Fate] has found [Lexa] onstage.
ACTOR_INFO | 2020-05-16 01:14:27 | [Thread-4] actor.Actor$ScriptReader (Actor.java:565) - [Fate] has found [Xander] onstage.
ACTOR_INFO | 2020-05-16 01:14:27 | [Thread-4] actor.Actor$ScriptReader (Actor.java:565) - [Fate] has found [CallMeKey] onstage.
ACTOR_INFO | 2020-05-16 01:14:27 | [Thread-4] actor.Actor$ScriptReader (Actor.java:517) - [Fate] entering conversation.
ACTOR_INFO | 2020-05-16 01:14:27 | [Thread-4] actor.Actor$ScriptReader (Actor.java:526) - [Fate] will be conversing with [Lexa].
ACTOR_INFO | 2020-05-16 01:14:27 | [Thread-4] actor.Actor$ScriptReader (Actor.java:526) - [Fate] will be conversing with [Xander].
ACTOR_INFO | 2020-05-16 01:14:27 | [Thread-4] actor.Actor$ScriptReader (Actor.java:526) - [Fate] will be conversing with [CallMeKey].
ACTOR_INFO | 2020-05-16 01:14:28 | [nioEventLoopGroup-4-2] actor.Actor$ServerHandler (Actor.java:668) - [Fate] received the direct-message "dude lex" from [Xander].
ACTOR_INFO | 2020-05-16 01:14:28 | [nioEventLoopGroup-4-2] actor.Actor$ServerHandler (Actor.java:668) - [Fate] received the direct-message "have you no chill" from [Xander].
ACTOR_INFO | 2020-05-16 01:14:29 | [nioEventLoopGroup-4-1] actor.Actor$ServerHandler (Actor.java:668) - [Fate] received the direct-message "What? It's a good movie!" from [Lexa].
ACTOR_INFO | 2020-05-16 01:14:30 | [nioEventLoopGroup-4-2] actor.Actor$ServerHandler (Actor.java:668) - [Fate] received the direct-message "what" from [Xander].
ACTOR_INFO | 2020-05-16 01:14:32 | [nioEventLoopGroup-4-1] actor.Actor$ServerHandler (Actor.java:668) - [Fate] received the direct-message "Wait, you haven't-" from [Lexa].
ACTOR_INFO | 2020-05-16 01:14:32 | [nioEventLoopGroup-4-1] actor.Actor$ServerHandler (Actor.java:668) - [Fate] received the direct-message "..." from [Lexa].
ACTOR_INFO | 2020-05-16 01:14:34 | [nioEventLoopGroup-4-1] actor.Actor$ServerHandler (Actor.java:668) - [Fate] received the direct-message "You haven't seen the Princess Bride?" from [Lexa].
ACTOR_INFO | 2020-05-16 01:14:35 | [nioEventLoopGroup-4-3] actor.Actor$ServerHandler (Actor.java:668) - [Fate] received the direct-message "(you have got to be kidding me, x)" from [CallMeKey].
ACTOR_INFO | 2020-05-16 01:14:37 | [Thread-4] actor.Actor (Actor.java:277) - [Fate] direct-messaged "Are you honest? Are you for real?" to [Lexa].
ACTOR_INFO | 2020-05-16 01:14:37 | [Thread-4] actor.Actor (Actor.java:277) - [Fate] direct-messaged "Are you honest? Are you for real?" to [Xander].
ACTOR_INFO | 2020-05-16 01:14:37 | [Thread-4] actor.Actor (Actor.java:277) - [Fate] direct-messaged "Are you honest? Are you for real?" to [CallMeKey].
ACTOR_INFO | 2020-05-16 01:14:37 | [nioEventLoopGroup-2-3] actor.Actor$ClientHandler (Actor.java:633) - [Fate] received a confirmation from [Lexa] about message.
ACTOR_INFO | 2020-05-16 01:14:37 | [nioEventLoopGroup-2-2] actor.Actor$ClientHandler (Actor.java:633) - [Fate] received a confirmation from [Xander] about message.
ACTOR_INFO | 2020-05-16 01:14:37 | [nioEventLoopGroup-2-4] actor.Actor$ClientHandler (Actor.java:633) - [Fate] received a confirmation from [CallMeKey] about message.
ACTOR_INFO | 2020-05-16 01:14:37 | [nioEventLoopGroup-4-3] actor.Actor$ServerHandler (Actor.java:668) - [Fate] received the direct-message "(please be lying)" from [CallMeKey].
ACTOR_INFO | 2020-05-16 01:14:37 | [nioEventLoopGroup-4-1] actor.Actor$ServerHandler (Actor.java:668) - [Fate] received the direct-message "Please be lying." from [Lexa].
ACTOR_INFO | 2020-05-16 01:14:38 | [nioEventLoopGroup-4-2] actor.Actor$ServerHandler (Actor.java:668) - [Fate] received the direct-message "whats a princess" from [Xander].
ACTOR_INFO | 2020-05-16 01:14:39 | [nioEventLoopGroup-4-1] actor.Actor$ServerHandler (Actor.java:668) - [Fate] received the direct-message "Stoooooop talking." from [Lexa].
ACTOR_INFO | 2020-05-16 01:14:39 | [nioEventLoopGroup-4-1] actor.Actor$ServerHandler (Actor.java:668) - [Fate] received the direct-message "Just. Stop." from [Lexa].
ACTOR_INFO | 2020-05-16 01:14:41 | [Thread-4] actor.Actor (Actor.java:277) - [Fate] direct-messaged "Sounds like a watch party is in order!" to [Lexa].
ACTOR_INFO | 2020-05-16 01:14:41 | [Thread-4] actor.Actor (Actor.java:277) - [Fate] direct-messaged "Sounds like a watch party is in order!" to [Xander].
ACTOR_INFO | 2020-05-16 01:14:41 | [Thread-4] actor.Actor (Actor.java:277) - [Fate] direct-messaged "Sounds like a watch party is in order!" to [CallMeKey].
ACTOR_INFO | 2020-05-16 01:14:41 | [Thread-4] actor.Actor$ScriptReader (Actor.java:393) - [Fate] going to cue scene1/cue3.
ACTOR_INFO | 2020-05-16 01:14:41 | [Thread-4] actor.Actor$ScriptReader (Actor.java:422) - [Fate] has been instructed to exit the stage.
ACTOR_INFO | 2020-05-16 01:14:41 | [nioEventLoopGroup-2-3] actor.Actor$ClientHandler (Actor.java:633) - [Fate] received a confirmation from [Lexa] about message.
ACTOR_INFO | 2020-05-16 01:14:41 | [nioEventLoopGroup-2-2] actor.Actor$ClientHandler (Actor.java:633) - [Fate] received a confirmation from [Xander] about message.
ACTOR_INFO | 2020-05-16 01:14:41 | [nioEventLoopGroup-2-4] actor.Actor$ClientHandler (Actor.java:633) - [Fate] received a confirmation from [CallMeKey] about message.
ACTOR_DEBUG | 2020-05-16 01:14:41 | [Thread-0] actor.Actor (Actor.java:169) - Client roll-calling port 4000 has closed.
ACTOR_DEBUG | 2020-05-16 01:14:41 | [Thread-6] actor.Actor (Actor.java:169) - Client roll-calling port 4002 has closed.
ACTOR_DEBUG | 2020-05-16 01:14:41 | [Thread-1] actor.Actor (Actor.java:169) - Client roll-calling port 4001 has closed.
ACTOR_DEBUG | 2020-05-16 01:14:41 | [Thread-4] actor.Actor (Actor.java:217) - Worker group is shutting down for [Fate]
ACTOR_DEBUG | 2020-05-16 01:14:41 | [Thread-4] actor.Actor (Actor.java:223) - Boss group is shutting down for Fate
ACTOR_DEBUG | 2020-05-16 01:14:41 | [Thread-4] actor.Actor (Actor.java:236) - Client group is shutting down for Fate
ACTOR_DEBUG | 2020-05-16 01:14:41 | [Thread-4] actor.Actor (Actor.java:248) - Exit actor [Fate].
ACTOR_DEBUG | 2020-05-16 01:19:08 | [main] actor.Actor (Actor.java:87) - 
ACTOR_DEBUG | 2020-05-16 01:19:08 | [main] actor.Actor (Actor.java:88) - Instantiating actor [Fate] on port [4003]...
ACTOR_DEBUG | 2020-05-16 01:19:08 | [Thread-0] actor.Actor (Actor.java:146) - Initializing a client for [Fate] to roll-call port 4000...
ACTOR_DEBUG | 2020-05-16 01:19:08 | [Thread-2] actor.Actor (Actor.java:146) - Initializing a client for [Fate] to roll-call port 4002...
ACTOR_DEBUG | 2020-05-16 01:19:08 | [Thread-1] actor.Actor (Actor.java:146) - Initializing a client for [Fate] to roll-call port 4001...
ACTOR_DEBUG | 2020-05-16 01:19:08 | [Thread-0] actor.Actor (Actor.java:163) - Bootstrap 423820994 configured.
ACTOR_DEBUG | 2020-05-16 01:19:08 | [Thread-1] actor.Actor (Actor.java:163) - Bootstrap 1518074513 configured.
ACTOR_DEBUG | 2020-05-16 01:19:08 | [Thread-2] actor.Actor (Actor.java:163) - Bootstrap 2007213120 configured.
ACTOR_DEBUG | 2020-05-16 01:19:08 | [Thread-0] actor.Actor (Actor.java:165) - Roll-calling port 4000...
ACTOR_DEBUG | 2020-05-16 01:19:08 | [Thread-1] actor.Actor (Actor.java:165) - Roll-calling port 4001...
ACTOR_DEBUG | 2020-05-16 01:19:08 | [Thread-2] actor.Actor (Actor.java:165) - Roll-calling port 4002...
ACTOR_DEBUG | 2020-05-16 01:19:09 | [nioEventLoopGroup-2-3] actor.Actor$ClientHandler (Actor.java:588) - A new client handler has been instantiated by [Fate].
ACTOR_DEBUG | 2020-05-16 01:19:09 | [nioEventLoopGroup-2-2] actor.Actor$ClientHandler (Actor.java:588) - A new client handler has been instantiated by [Fate].
ACTOR_DEBUG | 2020-05-16 01:19:09 | [nioEventLoopGroup-2-1] actor.Actor$ClientHandler (Actor.java:588) - A new client handler has been instantiated by [Fate].
ACTOR_DEBUG | 2020-05-16 01:19:09 | [nioEventLoopGroup-2-1] actor.Actor$1 (Actor.java:160) - Pipeline from [Fate] to port 4002 initialized.
ACTOR_DEBUG | 2020-05-16 01:19:09 | [nioEventLoopGroup-2-3] actor.Actor$1 (Actor.java:160) - Pipeline from [Fate] to port 4001 initialized.
ACTOR_DEBUG | 2020-05-16 01:19:09 | [nioEventLoopGroup-2-2] actor.Actor$1 (Actor.java:160) - Pipeline from [Fate] to port 4000 initialized.
ACTOR_DEBUG | 2020-05-16 01:19:09 | [nioEventLoopGroup-2-3] actor.Actor$ClientHandler (Actor.java:594) - ChannelHandler 460864595 has connected to its target.
ACTOR_DEBUG | 2020-05-16 01:19:09 | [nioEventLoopGroup-2-2] actor.Actor$ClientHandler (Actor.java:594) - ChannelHandler 649849300 has connected to its target.
ACTOR_INFO | 2020-05-16 01:19:09 | [nioEventLoopGroup-2-2] actor.Actor$ClientHandler (Actor.java:603) - Roll-call sent from [Fate] to port 4000.
ACTOR_INFO | 2020-05-16 01:19:09 | [nioEventLoopGroup-2-3] actor.Actor$ClientHandler (Actor.java:603) - Roll-call sent from [Fate] to port 4001.
ACTOR_INFO | 2020-05-16 01:19:09 | [nioEventLoopGroup-2-2] actor.Actor$ClientHandler (Actor.java:615) - [Fate] received a roll-call response from [Lexa], who is on port 4000.
ACTOR_INFO | 2020-05-16 01:19:09 | [nioEventLoopGroup-2-3] actor.Actor$ClientHandler (Actor.java:615) - [Fate] received a roll-call response from [Xander], who is on port 4001.
ACTOR_DEBUG | 2020-05-16 01:19:09 | [nioEventLoopGroup-2-3] actor.Actor$ClientHandler (Actor.java:620) - [Fate] added [Xander] to their contact list.
ACTOR_DEBUG | 2020-05-16 01:19:09 | [nioEventLoopGroup-2-2] actor.Actor$ClientHandler (Actor.java:620) - [Fate] added [Lexa] to their contact list.
ACTOR_DEBUG | 2020-05-16 01:19:11 | [Thread-2] actor.Actor (Actor.java:168) - Client roll-calling port 4002 has closed.
ACTOR_DEBUG | 2020-05-16 01:19:11 | [Thread-5] actor.Actor (Actor.java:183) - Initializing server for [Fate]...
ACTOR_DEBUG | 2020-05-16 01:19:11 | [Thread-5] actor.Actor (Actor.java:204) - Server for [Fate] bound to port 4003.
ACTOR_DEBUG | 2020-05-16 01:19:11 | [main] actor.Actor (Actor.java:110) - Successfully instantiated [Fate].
ACTOR_INFO | 2020-05-16 01:19:11 | [Thread-4] actor.Actor$ScriptReader (Actor.java:392) - [Fate] going to cue scene1/cue1.
ACTOR_INFO | 2020-05-16 01:19:11 | [Thread-4] actor.Actor$ScriptReader (Actor.java:565) - [Fate] has found [Lexa] onstage.
ACTOR_INFO | 2020-05-16 01:19:11 | [Thread-4] actor.Actor$ScriptReader (Actor.java:565) - [Fate] has found [Xander] onstage.
ACTOR_ERROR | 2020-05-16 01:19:11 | [Thread-4] actor.Actor$ScriptReader (Actor.java:561) - [Fate] is expecting [CallMeKey] to be onstage, but they're not.
ACTOR_INFO | 2020-05-16 01:19:11 | [Thread-4] actor.Actor (Actor.java:262) - [Fate] spoke "i am waiting" to the user.
ACTOR_DEBUG | 2020-05-16 01:19:13 | [nioEventLoopGroup-4-1] actor.Actor$ServerHandler (Actor.java:655) - [Fate]'s server handler has been instantiated.
ACTOR_DEBUG | 2020-05-16 01:19:13 | [nioEventLoopGroup-4-1] actor.Actor$2 (Actor.java:199) - Channel pipeline [9c68da6e] to Server [Fate] has been initialized.
ACTOR_INFO | 2020-05-16 01:19:13 | [nioEventLoopGroup-4-1] actor.Actor$ServerHandler (Actor.java:678) - [Fate] received a roll-call request from [CallMeKey], who is on port 4002.
ACTOR_DEBUG | 2020-05-16 01:19:13 | [Thread-6] actor.Actor (Actor.java:146) - Initializing a client for [Fate] to roll-call port 4002...
ACTOR_DEBUG | 2020-05-16 01:19:13 | [Thread-6] actor.Actor (Actor.java:163) - Bootstrap 1329662652 configured.
ACTOR_DEBUG | 2020-05-16 01:19:13 | [Thread-6] actor.Actor (Actor.java:165) - Roll-calling port 4002...
ACTOR_DEBUG | 2020-05-16 01:19:13 | [nioEventLoopGroup-2-4] actor.Actor$ClientHandler (Actor.java:588) - A new client handler has been instantiated by [Fate].
ACTOR_DEBUG | 2020-05-16 01:19:13 | [nioEventLoopGroup-2-4] actor.Actor$1 (Actor.java:160) - Pipeline from [Fate] to port 4002 initialized.
ACTOR_DEBUG | 2020-05-16 01:19:14 | [nioEventLoopGroup-2-4] actor.Actor$ClientHandler (Actor.java:594) - ChannelHandler 735347287 has connected to its target.
ACTOR_INFO | 2020-05-16 01:19:14 | [nioEventLoopGroup-2-4] actor.Actor$ClientHandler (Actor.java:603) - Roll-call sent from [Fate] to port 4002.
ACTOR_INFO | 2020-05-16 01:19:14 | [nioEventLoopGroup-2-4] actor.Actor$ClientHandler (Actor.java:615) - [Fate] received a roll-call response from [CallMeKey], who is on port 4002.
ACTOR_DEBUG | 2020-05-16 01:19:14 | [nioEventLoopGroup-2-4] actor.Actor$ClientHandler (Actor.java:620) - [Fate] added [CallMeKey] to their contact list.
ACTOR_INFO | 2020-05-16 01:19:14 | [Thread-4] actor.Actor$ScriptReader (Actor.java:565) - [Fate] has found [Lexa] onstage.
ACTOR_INFO | 2020-05-16 01:19:14 | [Thread-4] actor.Actor$ScriptReader (Actor.java:565) - [Fate] has found [Xander] onstage.
ACTOR_INFO | 2020-05-16 01:19:14 | [Thread-4] actor.Actor$ScriptReader (Actor.java:565) - [Fate] has found [CallMeKey] onstage.
ACTOR_DEBUG | 2020-05-16 01:19:14 | [Thread-4] actor.Actor$ScriptReader (Actor.java:457) - [Fate] is waiting for a monologue to finish.
ACTOR_DEBUG | 2020-05-16 01:20:30 | [main] actor.Actor (Actor.java:87) - 
ACTOR_DEBUG | 2020-05-16 01:20:30 | [main] actor.Actor (Actor.java:88) - Instantiating actor [Fate] on port [4003]...
ACTOR_DEBUG | 2020-05-16 01:20:30 | [Thread-0] actor.Actor (Actor.java:146) - Initializing a client for [Fate] to roll-call port 4000...
ACTOR_DEBUG | 2020-05-16 01:20:30 | [Thread-1] actor.Actor (Actor.java:146) - Initializing a client for [Fate] to roll-call port 4001...
ACTOR_DEBUG | 2020-05-16 01:20:30 | [Thread-2] actor.Actor (Actor.java:146) - Initializing a client for [Fate] to roll-call port 4002...
ACTOR_DEBUG | 2020-05-16 01:20:30 | [Thread-1] actor.Actor (Actor.java:163) - Bootstrap 423820994 configured.
ACTOR_DEBUG | 2020-05-16 01:20:30 | [Thread-2] actor.Actor (Actor.java:163) - Bootstrap 1777196356 configured.
ACTOR_DEBUG | 2020-05-16 01:20:30 | [Thread-0] actor.Actor (Actor.java:163) - Bootstrap 1713337576 configured.
ACTOR_DEBUG | 2020-05-16 01:20:30 | [Thread-2] actor.Actor (Actor.java:165) - Roll-calling port 4002...
ACTOR_DEBUG | 2020-05-16 01:20:30 | [Thread-1] actor.Actor (Actor.java:165) - Roll-calling port 4001...
ACTOR_DEBUG | 2020-05-16 01:20:30 | [Thread-0] actor.Actor (Actor.java:165) - Roll-calling port 4000...
ACTOR_DEBUG | 2020-05-16 01:20:30 | [nioEventLoopGroup-2-1] actor.Actor$ClientHandler (Actor.java:588) - A new client handler has been instantiated by [Fate].
ACTOR_DEBUG | 2020-05-16 01:20:30 | [nioEventLoopGroup-2-3] actor.Actor$ClientHandler (Actor.java:588) - A new client handler has been instantiated by [Fate].
ACTOR_DEBUG | 2020-05-16 01:20:30 | [nioEventLoopGroup-2-2] actor.Actor$ClientHandler (Actor.java:588) - A new client handler has been instantiated by [Fate].
ACTOR_DEBUG | 2020-05-16 01:20:30 | [nioEventLoopGroup-2-3] actor.Actor$1 (Actor.java:160) - Pipeline from [Fate] to port 4001 initialized.
ACTOR_DEBUG | 2020-05-16 01:20:30 | [nioEventLoopGroup-2-1] actor.Actor$1 (Actor.java:160) - Pipeline from [Fate] to port 4002 initialized.
ACTOR_DEBUG | 2020-05-16 01:20:30 | [nioEventLoopGroup-2-2] actor.Actor$1 (Actor.java:160) - Pipeline from [Fate] to port 4000 initialized.
ACTOR_DEBUG | 2020-05-16 01:20:30 | [nioEventLoopGroup-2-3] actor.Actor$ClientHandler (Actor.java:594) - ChannelHandler 1113140249 has connected to its target.
ACTOR_DEBUG | 2020-05-16 01:20:30 | [nioEventLoopGroup-2-2] actor.Actor$ClientHandler (Actor.java:594) - ChannelHandler 1932099610 has connected to its target.
ACTOR_INFO | 2020-05-16 01:20:30 | [nioEventLoopGroup-2-3] actor.Actor$ClientHandler (Actor.java:603) - Roll-call sent from [Fate] to port 4001.
ACTOR_INFO | 2020-05-16 01:20:30 | [nioEventLoopGroup-2-2] actor.Actor$ClientHandler (Actor.java:603) - Roll-call sent from [Fate] to port 4000.
ACTOR_INFO | 2020-05-16 01:20:30 | [nioEventLoopGroup-2-2] actor.Actor$ClientHandler (Actor.java:615) - [Fate] received a roll-call response from [Lexa], who is on port 4000.
ACTOR_INFO | 2020-05-16 01:20:30 | [nioEventLoopGroup-2-3] actor.Actor$ClientHandler (Actor.java:615) - [Fate] received a roll-call response from [Xander], who is on port 4001.
ACTOR_DEBUG | 2020-05-16 01:20:30 | [nioEventLoopGroup-2-3] actor.Actor$ClientHandler (Actor.java:620) - [Fate] added [Xander] to their contact list.
ACTOR_DEBUG | 2020-05-16 01:20:30 | [nioEventLoopGroup-2-2] actor.Actor$ClientHandler (Actor.java:620) - [Fate] added [Lexa] to their contact list.
ACTOR_DEBUG | 2020-05-16 01:20:32 | [Thread-2] actor.Actor (Actor.java:168) - Client roll-calling port 4002 has closed.
ACTOR_DEBUG | 2020-05-16 01:20:32 | [Thread-5] actor.Actor (Actor.java:183) - Initializing server for [Fate]...
ACTOR_DEBUG | 2020-05-16 01:20:32 | [Thread-5] actor.Actor (Actor.java:204) - Server for [Fate] bound to port 4003.
ACTOR_DEBUG | 2020-05-16 01:20:32 | [main] actor.Actor (Actor.java:110) - Successfully instantiated [Fate].
ACTOR_INFO | 2020-05-16 01:20:32 | [Thread-4] actor.Actor$ScriptReader (Actor.java:392) - [Fate] going to cue scene1/cue1.
ACTOR_INFO | 2020-05-16 01:20:32 | [Thread-4] actor.Actor$ScriptReader (Actor.java:565) - [Fate] has found [Lexa] onstage.
ACTOR_INFO | 2020-05-16 01:20:32 | [Thread-4] actor.Actor$ScriptReader (Actor.java:565) - [Fate] has found [Xander] onstage.
ACTOR_ERROR | 2020-05-16 01:20:32 | [Thread-4] actor.Actor$ScriptReader (Actor.java:561) - [Fate] is expecting [CallMeKey] to be onstage, but they're not.
ACTOR_INFO | 2020-05-16 01:20:32 | [Thread-4] actor.Actor (Actor.java:262) - [Fate] spoke "i am waiting" to the user.
ACTOR_DEBUG | 2020-05-16 01:20:32 | [nioEventLoopGroup-4-2] actor.Actor$ServerHandler (Actor.java:655) - [Fate]'s server handler has been instantiated.
ACTOR_DEBUG | 2020-05-16 01:20:32 | [nioEventLoopGroup-4-1] actor.Actor$ServerHandler (Actor.java:655) - [Fate]'s server handler has been instantiated.
ACTOR_DEBUG | 2020-05-16 01:20:32 | [nioEventLoopGroup-4-2] actor.Actor$2 (Actor.java:199) - Channel pipeline [87a1fe6c] to Server [Fate] has been initialized.
ACTOR_DEBUG | 2020-05-16 01:20:32 | [nioEventLoopGroup-4-1] actor.Actor$2 (Actor.java:199) - Channel pipeline [c321b0cf] to Server [Fate] has been initialized.
ACTOR_INFO | 2020-05-16 01:20:32 | [nioEventLoopGroup-4-1] actor.Actor$ServerHandler (Actor.java:678) - [Fate] received a roll-call request from [Xander], who is on port 4001.
ACTOR_INFO | 2020-05-16 01:20:32 | [nioEventLoopGroup-4-2] actor.Actor$ServerHandler (Actor.java:678) - [Fate] received a roll-call request from [Lexa], who is on port 4000.
ACTOR_ERROR | 2020-05-16 01:20:32 | [nioEventLoopGroup-4-1] actor.Actor$ServerHandler (Actor.java:686) - [Fate] already has [Xander] in their contact list.
ACTOR_ERROR | 2020-05-16 01:20:32 | [nioEventLoopGroup-4-2] actor.Actor$ServerHandler (Actor.java:686) - [Fate] already has [Lexa] in their contact list.
ACTOR_DEBUG | 2020-05-16 01:20:37 | [nioEventLoopGroup-4-3] actor.Actor$ServerHandler (Actor.java:655) - [Fate]'s server handler has been instantiated.
ACTOR_DEBUG | 2020-05-16 01:20:37 | [nioEventLoopGroup-4-3] actor.Actor$2 (Actor.java:199) - Channel pipeline [3de19e46] to Server [Fate] has been initialized.
ACTOR_INFO | 2020-05-16 01:20:37 | [nioEventLoopGroup-4-3] actor.Actor$ServerHandler (Actor.java:678) - [Fate] received a roll-call request from [CallMeKey], who is on port 4002.
ACTOR_DEBUG | 2020-05-16 01:20:37 | [Thread-6] actor.Actor (Actor.java:146) - Initializing a client for [Fate] to roll-call port 4002...
ACTOR_DEBUG | 2020-05-16 01:20:37 | [Thread-6] actor.Actor (Actor.java:163) - Bootstrap 556591399 configured.
ACTOR_DEBUG | 2020-05-16 01:20:37 | [Thread-6] actor.Actor (Actor.java:165) - Roll-calling port 4002...
ACTOR_DEBUG | 2020-05-16 01:20:37 | [nioEventLoopGroup-2-4] actor.Actor$ClientHandler (Actor.java:588) - A new client handler has been instantiated by [Fate].
ACTOR_DEBUG | 2020-05-16 01:20:37 | [nioEventLoopGroup-2-4] actor.Actor$1 (Actor.java:160) - Pipeline from [Fate] to port 4002 initialized.
ACTOR_DEBUG | 2020-05-16 01:20:37 | [nioEventLoopGroup-2-4] actor.Actor$ClientHandler (Actor.java:594) - ChannelHandler 1615559054 has connected to its target.
ACTOR_INFO | 2020-05-16 01:20:37 | [nioEventLoopGroup-2-4] actor.Actor$ClientHandler (Actor.java:603) - Roll-call sent from [Fate] to port 4002.
ACTOR_INFO | 2020-05-16 01:20:37 | [nioEventLoopGroup-2-4] actor.Actor$ClientHandler (Actor.java:615) - [Fate] received a roll-call response from [CallMeKey], who is on port 4002.
ACTOR_DEBUG | 2020-05-16 01:20:37 | [nioEventLoopGroup-2-4] actor.Actor$ClientHandler (Actor.java:620) - [Fate] added [CallMeKey] to their contact list.
ACTOR_INFO | 2020-05-16 01:20:37 | [Thread-4] actor.Actor$ScriptReader (Actor.java:565) - [Fate] has found [Lexa] onstage.
ACTOR_INFO | 2020-05-16 01:20:37 | [Thread-4] actor.Actor$ScriptReader (Actor.java:565) - [Fate] has found [Xander] onstage.
ACTOR_INFO | 2020-05-16 01:20:37 | [Thread-4] actor.Actor$ScriptReader (Actor.java:565) - [Fate] has found [CallMeKey] onstage.
ACTOR_DEBUG | 2020-05-16 01:20:37 | [Thread-4] actor.Actor$ScriptReader (Actor.java:457) - [Fate] is waiting for a monologue to finish.
ACTOR_DEBUG | 2020-05-16 01:20:40 | [Thread-4] actor.Actor$ScriptReader (Actor.java:460) - The monologue that [Fate] was waiting on has finished.
ACTOR_INFO | 2020-05-16 01:20:40 | [Thread-4] actor.Actor$ScriptReader (Actor.java:392) - [Fate] going to cue scene1/cue2.
ACTOR_INFO | 2020-05-16 01:20:40 | [Thread-4] actor.Actor$ScriptReader (Actor.java:565) - [Fate] has found [Lexa] onstage.
ACTOR_INFO | 2020-05-16 01:20:40 | [Thread-4] actor.Actor$ScriptReader (Actor.java:565) - [Fate] has found [Xander] onstage.
ACTOR_INFO | 2020-05-16 01:20:40 | [Thread-4] actor.Actor$ScriptReader (Actor.java:565) - [Fate] has found [CallMeKey] onstage.
ACTOR_INFO | 2020-05-16 01:20:40 | [Thread-4] actor.Actor$ScriptReader (Actor.java:517) - [Fate] entering conversation.
ACTOR_INFO | 2020-05-16 01:20:40 | [Thread-4] actor.Actor$ScriptReader (Actor.java:526) - [Fate] will be conversing with [Lexa].
ACTOR_INFO | 2020-05-16 01:20:40 | [Thread-4] actor.Actor$ScriptReader (Actor.java:526) - [Fate] will be conversing with [Xander].
ACTOR_INFO | 2020-05-16 01:20:40 | [Thread-4] actor.Actor$ScriptReader (Actor.java:526) - [Fate] will be conversing with [CallMeKey].
ACTOR_INFO | 2020-05-16 01:20:41 | [nioEventLoopGroup-4-1] actor.Actor$ServerHandler (Actor.java:668) - [Fate] received the direct-message "dude lex" from [Xander].
ACTOR_INFO | 2020-05-16 01:20:42 | [nioEventLoopGroup-4-1] actor.Actor$ServerHandler (Actor.java:668) - [Fate] received the direct-message "have you no chill" from [Xander].
ACTOR_INFO | 2020-05-16 01:20:43 | [nioEventLoopGroup-4-2] actor.Actor$ServerHandler (Actor.java:668) - [Fate] received the direct-message "What? It's a good movie!" from [Lexa].
ACTOR_INFO | 2020-05-16 01:20:44 | [nioEventLoopGroup-4-1] actor.Actor$ServerHandler (Actor.java:668) - [Fate] received the direct-message "what" from [Xander].
ACTOR_INFO | 2020-05-16 01:20:45 | [nioEventLoopGroup-4-2] actor.Actor$ServerHandler (Actor.java:668) - [Fate] received the direct-message "Wait, you haven't-" from [Lexa].
ACTOR_INFO | 2020-05-16 01:20:45 | [nioEventLoopGroup-4-2] actor.Actor$ServerHandler (Actor.java:668) - [Fate] received the direct-message "..." from [Lexa].
ACTOR_INFO | 2020-05-16 01:20:48 | [nioEventLoopGroup-4-2] actor.Actor$ServerHandler (Actor.java:668) - [Fate] received the direct-message "You haven't seen the Princess Bride?" from [Lexa].
ACTOR_INFO | 2020-05-16 01:20:49 | [nioEventLoopGroup-4-3] actor.Actor$ServerHandler (Actor.java:668) - [Fate] received the direct-message "(you have got to be kidding me, x)" from [CallMeKey].
ACTOR_INFO | 2020-05-16 01:20:50 | [Thread-4] actor.Actor (Actor.java:276) - [Fate] direct-messaged "Are you honest? Are you for real?" to [Lexa].
ACTOR_INFO | 2020-05-16 01:20:50 | [Thread-4] actor.Actor (Actor.java:276) - [Fate] direct-messaged "Are you honest? Are you for real?" to [Xander].
ACTOR_INFO | 2020-05-16 01:20:50 | [Thread-4] actor.Actor (Actor.java:276) - [Fate] direct-messaged "Are you honest? Are you for real?" to [CallMeKey].
ACTOR_INFO | 2020-05-16 01:20:50 | [nioEventLoopGroup-2-2] actor.Actor$ClientHandler (Actor.java:633) - [Fate] received a confirmation from [Lexa] about message.
ACTOR_INFO | 2020-05-16 01:20:50 | [nioEventLoopGroup-2-3] actor.Actor$ClientHandler (Actor.java:633) - [Fate] received a confirmation from [Xander] about message.
ACTOR_INFO | 2020-05-16 01:20:50 | [nioEventLoopGroup-2-4] actor.Actor$ClientHandler (Actor.java:633) - [Fate] received a confirmation from [CallMeKey] about message.
ACTOR_INFO | 2020-05-16 01:20:50 | [nioEventLoopGroup-4-3] actor.Actor$ServerHandler (Actor.java:668) - [Fate] received the direct-message "(please be lying)" from [CallMeKey].
ACTOR_INFO | 2020-05-16 01:20:50 | [nioEventLoopGroup-4-2] actor.Actor$ServerHandler (Actor.java:668) - [Fate] received the direct-message "Please be lying." from [Lexa].
ACTOR_INFO | 2020-05-16 01:20:51 | [nioEventLoopGroup-4-1] actor.Actor$ServerHandler (Actor.java:668) - [Fate] received the direct-message "whats a princess" from [Xander].
ACTOR_INFO | 2020-05-16 01:20:52 | [nioEventLoopGroup-4-2] actor.Actor$ServerHandler (Actor.java:668) - [Fate] received the direct-message "Stoooooop talking." from [Lexa].
ACTOR_INFO | 2020-05-16 01:20:53 | [nioEventLoopGroup-4-2] actor.Actor$ServerHandler (Actor.java:668) - [Fate] received the direct-message "Just. Stop." from [Lexa].
ACTOR_INFO | 2020-05-16 01:20:55 | [Thread-4] actor.Actor (Actor.java:276) - [Fate] direct-messaged "Sounds like a watch party is in order!" to [Lexa].
ACTOR_INFO | 2020-05-16 01:20:55 | [Thread-4] actor.Actor (Actor.java:276) - [Fate] direct-messaged "Sounds like a watch party is in order!" to [Xander].
ACTOR_INFO | 2020-05-16 01:20:55 | [Thread-4] actor.Actor (Actor.java:276) - [Fate] direct-messaged "Sounds like a watch party is in order!" to [CallMeKey].
ACTOR_INFO | 2020-05-16 01:20:55 | [Thread-4] actor.Actor$ScriptReader (Actor.java:392) - [Fate] going to cue scene1/cue3.
ACTOR_INFO | 2020-05-16 01:20:55 | [Thread-4] actor.Actor$ScriptReader (Actor.java:421) - [Fate] has been instructed to exit the stage.
ACTOR_INFO | 2020-05-16 01:20:55 | [nioEventLoopGroup-2-2] actor.Actor$ClientHandler (Actor.java:633) - [Fate] received a confirmation from [Lexa] about message.
ACTOR_INFO | 2020-05-16 01:20:55 | [nioEventLoopGroup-2-4] actor.Actor$ClientHandler (Actor.java:633) - [Fate] received a confirmation from [CallMeKey] about message.
ACTOR_INFO | 2020-05-16 01:20:55 | [nioEventLoopGroup-2-3] actor.Actor$ClientHandler (Actor.java:633) - [Fate] received a confirmation from [Xander] about message.
ACTOR_DEBUG | 2020-05-16 01:20:55 | [Thread-6] actor.Actor (Actor.java:168) - Client roll-calling port 4002 has closed.
ACTOR_DEBUG | 2020-05-16 01:20:55 | [Thread-1] actor.Actor (Actor.java:168) - Client roll-calling port 4001 has closed.
ACTOR_DEBUG | 2020-05-16 01:20:55 | [Thread-0] actor.Actor (Actor.java:168) - Client roll-calling port 4000 has closed.
ACTOR_DEBUG | 2020-05-16 01:20:55 | [Thread-4] actor.Actor (Actor.java:216) - Worker group is shutting down for [Fate]
ACTOR_DEBUG | 2020-05-16 01:20:55 | [Thread-4] actor.Actor (Actor.java:222) - Boss group is shutting down for Fate
ACTOR_DEBUG | 2020-05-16 01:20:55 | [Thread-4] actor.Actor (Actor.java:235) - Client group is shutting down for Fate
ACTOR_DEBUG | 2020-05-16 01:20:55 | [Thread-4] actor.Actor (Actor.java:247) - Exit actor [Fate].
